<?xml version="1.0" encoding="UTF-8"?>
<coverage generated="1757720477233" clover="3.2.0">
  <project timestamp="1757720477233" name="All files">
    <metrics statements="440" coveredstatements="193" conditionals="229" coveredconditionals="69" methods="88" coveredmethods="25" elements="757" coveredelements="287" complexity="0" loc="440" ncloc="440" packages="2" files="5" classes="5"/>
    <package name="src">
      <metrics statements="241" coveredstatements="157" conditionals="124" coveredconditionals="55" methods="36" coveredmethods="22"/>
      <file name="index.ts" path="/Users/mikl/Dropbox/dev/eslint-plugin-disable-autofix/src/index.ts">
        <metrics statements="241" coveredstatements="157" conditionals="124" coveredconditionals="55" methods="36" coveredmethods="22"/>
        <line num="1" count="2" type="stmt"/>
        <line num="2" count="2" type="stmt"/>
        <line num="3" count="2" type="stmt"/>
        <line num="6" count="2" type="stmt"/>
        <line num="7" count="2" type="stmt"/>
        <line num="8" count="2" type="stmt"/>
        <line num="11" count="2" type="stmt"/>
        <line num="12" count="2" type="stmt"/>
        <line num="13" count="2" type="stmt"/>
        <line num="91" count="2" type="stmt"/>
        <line num="108" count="2" type="stmt"/>
        <line num="110" count="2" type="stmt"/>
        <line num="111" count="0" type="stmt"/>
        <line num="112" count="0" type="cond" truecount="0" falsecount="2"/>
        <line num="113" count="0" type="stmt"/>
        <line num="118" count="2" type="stmt"/>
        <line num="120" count="714" type="cond" truecount="1" falsecount="1"/>
        <line num="123" count="714" type="cond" truecount="1" falsecount="1"/>
        <line num="127" count="0" type="stmt"/>
        <line num="131" count="714" type="cond" truecount="1" falsecount="1"/>
        <line num="134" count="714" type="cond" truecount="1" falsecount="1"/>
        <line num="138" count="0" type="stmt"/>
        <line num="141" count="714" type="stmt"/>
        <line num="145" count="2" type="stmt"/>
        <line num="151" count="0" type="cond" truecount="0" falsecount="2"/>
        <line num="152" count="0" type="stmt"/>
        <line num="161" count="2" type="stmt"/>
        <line num="162" count="2" type="stmt"/>
        <line num="163" count="2" type="stmt"/>
        <line num="164" count="2" type="stmt"/>
        <line num="166" count="2" type="stmt"/>
        <line num="169" count="2" type="stmt"/>
        <line num="170" count="721" type="cond" truecount="2" falsecount="0"/>
        <line num="171" count="276" type="stmt"/>
        <line num="173" count="721" type="stmt"/>
        <line num="177" count="2" type="stmt"/>
        <line num="178" count="721" type="stmt"/>
        <line num="179" count="0" type="stmt"/>
        <line num="180" count="0" type="stmt"/>
        <line num="182" count="721" type="stmt"/>
        <line num="186" count="2" type="stmt"/>
        <line num="187" count="4" type="cond" truecount="2" falsecount="0"/>
        <line num="195" count="2" type="stmt"/>
        <line num="197" count="2" type="stmt"/>
        <line num="199" count="2" type="cond" truecount="1" falsecount="1"/>
        <line num="202" count="584" type="cond" truecount="1" falsecount="1"/>
        <line num="203" count="0" type="stmt"/>
        <line num="208" count="2" type="stmt"/>
        <line num="209" count="584" type="stmt"/>
        <line num="210" count="584" type="stmt"/>
        <line num="211" count="584" type="stmt"/>
        <line num="212" count="584" type="stmt"/>
        <line num="213" count="584" type="stmt"/>
        <line num="216" count="2" type="stmt"/>
        <line num="218" count="2" type="stmt"/>
        <line num="219" count="2" type="stmt"/>
        <line num="220" count="2" type="stmt"/>
        <line num="221" count="2" type="stmt"/>
        <line num="223" count="2" type="cond" truecount="1" falsecount="1"/>
        <line num="224" count="0" type="stmt"/>
        <line num="230" count="2" type="stmt"/>
        <line num="231" count="2" type="stmt"/>
        <line num="232" count="2" type="cond" truecount="1" falsecount="1"/>
        <line num="233" count="0" type="stmt"/>
        <line num="238" count="0" type="cond" truecount="0" falsecount="2"/>
        <line num="239" count="0" type="stmt"/>
        <line num="241" count="0" type="stmt"/>
        <line num="246" count="2" type="stmt"/>
        <line num="247" count="4" type="stmt"/>
        <line num="248" count="4" type="stmt"/>
        <line num="249" count="4" type="stmt"/>
        <line num="250" count="4" type="stmt"/>
        <line num="255" count="0" type="stmt"/>
        <line num="259" count="2" type="stmt"/>
        <line num="260" count="4" type="stmt"/>
        <line num="261" count="4" type="stmt"/>
        <line num="262" count="4" type="cond" truecount="1" falsecount="1"/>
        <line num="265" count="4" type="stmt"/>
        <line num="268" count="1428" type="stmt"/>
        <line num="277" count="4" type="stmt"/>
        <line num="284" count="1428" type="stmt"/>
        <line num="292" count="4" type="cond" truecount="1" falsecount="1"/>
        <line num="297" count="2" type="stmt"/>
        <line num="298" count="588" type="stmt"/>
        <line num="299" count="588" type="stmt"/>
        <line num="301" count="588" type="cond" truecount="1" falsecount="1"/>
        <line num="308" count="588" type="stmt"/>
        <line num="310" count="0" type="stmt"/>
        <line num="312" count="0" type="stmt"/>
        <line num="315" count="2" type="stmt"/>
        <line num="316" count="588" type="stmt"/>
        <line num="317" count="588" type="stmt"/>
        <line num="326" count="588" type="stmt"/>
        <line num="327" count="2340" type="cond" truecount="2" falsecount="0"/>
        <line num="328" count="4" type="stmt"/>
        <line num="331" count="584" type="stmt"/>
        <line num="334" count="2" type="stmt"/>
        <line num="335" count="2" type="stmt"/>
        <line num="337" count="2" type="stmt"/>
        <line num="338" count="584" type="stmt"/>
        <line num="340" count="584" type="stmt"/>
        <line num="342" count="584" type="cond" truecount="1" falsecount="1"/>
        <line num="344" count="0" type="stmt"/>
        <line num="345" count="0" type="stmt"/>
        <line num="346" count="0" type="stmt"/>
        <line num="348" count="0" type="cond" truecount="0" falsecount="4"/>
        <line num="349" count="0" type="stmt"/>
        <line num="350" count="0" type="stmt"/>
        <line num="353" count="0" type="stmt"/>
        <line num="354" count="0" type="stmt"/>
        <line num="355" count="0" type="stmt"/>
        <line num="356" count="0" type="stmt"/>
        <line num="360" count="584" type="cond" truecount="1" falsecount="1"/>
        <line num="361" count="0" type="stmt"/>
        <line num="362" count="0" type="cond" truecount="0" falsecount="2"/>
        <line num="363" count="0" type="stmt"/>
        <line num="364" count="0" type="stmt"/>
        <line num="368" count="584" type="stmt"/>
        <line num="369" count="584" type="stmt"/>
        <line num="370" count="584" type="stmt"/>
        <line num="372" count="584" type="cond" truecount="2" falsecount="2"/>
        <line num="373" count="0" type="stmt"/>
        <line num="374" count="0" type="stmt"/>
        <line num="377" count="584" type="stmt"/>
        <line num="378" count="584" type="stmt"/>
        <line num="379" count="584" type="stmt"/>
        <line num="381" count="584" type="cond" truecount="3" falsecount="1"/>
        <line num="382" count="0" type="stmt"/>
        <line num="385" count="584" type="stmt"/>
        <line num="388" count="0" type="cond" truecount="0" falsecount="2"/>
        <line num="389" count="0" type="stmt"/>
        <line num="391" count="0" type="cond" truecount="0" falsecount="2"/>
        <line num="392" count="0" type="stmt"/>
        <line num="397" count="0" type="stmt"/>
        <line num="404" count="0" type="stmt"/>
        <line num="407" count="0" type="stmt"/>
        <line num="408" count="0" type="stmt"/>
        <line num="418" count="2" type="stmt"/>
        <line num="419" count="68" type="stmt"/>
        <line num="420" count="68" type="stmt"/>
        <line num="422" count="0" type="stmt"/>
        <line num="423" count="0" type="stmt"/>
        <line num="428" count="2" type="stmt"/>
        <line num="430" count="588" type="cond" truecount="2" falsecount="0"/>
        <line num="432" count="2" type="stmt"/>
        <line num="433" count="584" type="stmt"/>
        <line num="439" count="584" type="stmt"/>
        <line num="440" count="584" type="cond" truecount="1" falsecount="1"/>
        <line num="441" count="584" type="stmt"/>
        <line num="442" count="584" type="cond" truecount="1" falsecount="1"/>
        <line num="443" count="584" type="stmt"/>
        <line num="449" count="2" type="cond" truecount="1" falsecount="1"/>
        <line num="452" count="732" type="cond" truecount="5" falsecount="0"/>
        <line num="459" count="2" type="stmt"/>
        <line num="460" count="4" type="stmt"/>
        <line num="464" count="2" type="stmt"/>
        <line num="465" count="68" type="stmt"/>
        <line num="466" count="68" type="cond" truecount="2" falsecount="0"/>
        <line num="467" count="64" type="stmt"/>
        <line num="469" count="330" type="stmt"/>
        <line num="470" count="64" type="stmt"/>
        <line num="471" count="2" type="stmt"/>
        <line num="472" count="2" type="stmt"/>
        <line num="473" count="2" type="stmt"/>
        <line num="474" count="2" type="stmt"/>
        <line num="478" count="2" type="stmt"/>
        <line num="480" count="0" type="cond" truecount="0" falsecount="2"/>
        <line num="481" count="0" type="stmt"/>
        <line num="486" count="0" type="stmt"/>
        <line num="491" count="4" type="stmt"/>
        <line num="492" count="4" type="stmt"/>
        <line num="493" count="4" type="stmt"/>
        <line num="494" count="2" type="stmt"/>
        <line num="495" count="2" type="stmt"/>
        <line num="497" count="2" type="cond" truecount="1" falsecount="1"/>
        <line num="498" count="2" type="stmt"/>
        <line num="500" count="0" type="stmt"/>
        <line num="505" count="0" type="cond" truecount="0" falsecount="2"/>
        <line num="506" count="0" type="stmt"/>
        <line num="508" count="0" type="stmt"/>
        <line num="514" count="2" type="stmt"/>
        <line num="515" count="4" type="cond" truecount="1" falsecount="1"/>
        <line num="516" count="4" type="cond" truecount="1" falsecount="1"/>
        <line num="517" count="4" type="stmt"/>
        <line num="519" count="4" type="stmt"/>
        <line num="520" count="130" type="stmt"/>
        <line num="521" count="130" type="cond" truecount="3" falsecount="1"/>
        <line num="522" count="130" type="stmt"/>
        <line num="525" count="130" type="cond" truecount="1" falsecount="1"/>
        <line num="527" count="130" type="cond" truecount="2" falsecount="2"/>
        <line num="528" count="0" type="stmt"/>
        <line num="529" count="0" type="cond" truecount="0" falsecount="2"/>
        <line num="530" count="0" type="stmt"/>
        <line num="533" count="0" type="stmt"/>
        <line num="538" count="130" type="stmt"/>
        <line num="539" count="130" type="stmt"/>
        <line num="542" count="130" type="cond" truecount="1" falsecount="1"/>
        <line num="543" count="0" type="stmt"/>
        <line num="547" count="130" type="cond" truecount="1" falsecount="1"/>
        <line num="548" count="0" type="stmt"/>
        <line num="553" count="0" type="cond" truecount="0" falsecount="2"/>
        <line num="554" count="0" type="stmt"/>
        <line num="559" count="0" type="stmt"/>
        <line num="566" count="2" type="stmt"/>
        <line num="567" count="4" type="stmt"/>
        <line num="573" count="2" type="stmt"/>
        <line num="575" count="2" type="stmt"/>
        <line num="604" count="2" type="stmt"/>
        <line num="607" count="0" type="stmt"/>
        <line num="611" count="0" type="cond" truecount="0" falsecount="2"/>
        <line num="612" count="0" type="stmt"/>
        <line num="613" count="0" type="stmt"/>
        <line num="622" count="0" type="cond" truecount="0" falsecount="2"/>
        <line num="623" count="0" type="stmt"/>
        <line num="625" count="0" type="cond" truecount="0" falsecount="2"/>
        <line num="626" count="0" type="stmt"/>
        <line num="629" count="0" type="stmt"/>
        <line num="637" count="0" type="stmt"/>
        <line num="644" count="0" type="stmt"/>
        <line num="655" count="0" type="stmt"/>
        <line num="657" count="0" type="cond" truecount="0" falsecount="2"/>
        <line num="658" count="0" type="stmt"/>
        <line num="661" count="0" type="cond" truecount="0" falsecount="2"/>
        <line num="662" count="0" type="stmt"/>
        <line num="665" count="0" type="stmt"/>
        <line num="673" count="2" type="cond" truecount="1" falsecount="1"/>
        <line num="674" count="0" type="stmt"/>
        <line num="675" count="0" type="stmt"/>
        <line num="680" count="2" type="stmt"/>
        <line num="681" count="0" type="cond" truecount="0" falsecount="2"/>
        <line num="682" count="0" type="stmt"/>
        <line num="684" count="0" type="cond" truecount="0" falsecount="2"/>
        <line num="685" count="0" type="stmt"/>
        <line num="692" count="2" type="stmt"/>
        <line num="693" count="2" type="stmt"/>
        <line num="694" count="2" type="stmt"/>
        <line num="695" count="2" type="stmt"/>
        <line num="696" count="2" type="stmt"/>
        <line num="697" count="2" type="stmt"/>
        <line num="698" count="2" type="stmt"/>
        <line num="701" count="2" type="stmt"/>
      </file>
    </package>
    <package name="src.utils">
      <metrics statements="199" coveredstatements="36" conditionals="105" coveredconditionals="14" methods="52" coveredmethods="3"/>
      <file name="cache.ts" path="/Users/mikl/Dropbox/dev/eslint-plugin-disable-autofix/src/utils/cache.ts">
        <metrics statements="66" coveredstatements="16" conditionals="36" coveredconditionals="4" methods="13" coveredmethods="2"/>
        <line num="1" count="2" type="stmt"/>
        <line num="2" count="2" type="stmt"/>
        <line num="3" count="2" type="stmt"/>
        <line num="4" count="2" type="stmt"/>
        <line num="8" count="2" type="stmt"/>
        <line num="37" count="0" type="stmt"/>
        <line num="59" count="0" type="cond" truecount="0" falsecount="2"/>
        <line num="71" count="2" type="stmt"/>
        <line num="76" count="2" type="stmt"/>
        <line num="85" count="2" type="stmt"/>
        <line num="86" count="2" type="stmt"/>
        <line num="87" count="2" type="cond" truecount="2" falsecount="0"/>
        <line num="89" count="2" type="stmt"/>
        <line num="90" count="2" type="stmt"/>
        <line num="91" count="2" type="stmt"/>
        <line num="98" count="2" type="stmt"/>
        <line num="99" count="2" type="cond" truecount="1" falsecount="1"/>
        <line num="100" count="0" type="stmt"/>
        <line num="101" count="0" type="stmt"/>
        <line num="104" count="2" type="cond" truecount="1" falsecount="1"/>
        <line num="105" count="0" type="stmt"/>
        <line num="106" count="0" type="stmt"/>
        <line num="112" count="0" type="stmt"/>
        <line num="113" count="0" type="stmt"/>
        <line num="114" count="0" type="stmt"/>
        <line num="116" count="0" type="stmt"/>
        <line num="118" count="0" type="cond" truecount="0" falsecount="2"/>
        <line num="119" count="0" type="stmt"/>
        <line num="120" count="0" type="stmt"/>
        <line num="123" count="0" type="stmt"/>
        <line num="124" count="0" type="stmt"/>
        <line num="127" count="0" type="stmt"/>
        <line num="132" count="0" type="stmt"/>
        <line num="136" count="0" type="stmt"/>
        <line num="146" count="0" type="stmt"/>
        <line num="149" count="0" type="cond" truecount="0" falsecount="2"/>
        <line num="150" count="0" type="cond" truecount="0" falsecount="2"/>
        <line num="154" count="0" type="stmt"/>
        <line num="163" count="0" type="stmt"/>
        <line num="166" count="0" type="stmt"/>
        <line num="169" count="0" type="stmt"/>
        <line num="170" count="0" type="stmt"/>
        <line num="179" count="0" type="stmt"/>
        <line num="180" count="0" type="cond" truecount="0" falsecount="2"/>
        <line num="189" count="0" type="stmt"/>
        <line num="196" count="0" type="cond" truecount="0" falsecount="2"/>
        <line num="197" count="0" type="stmt"/>
        <line num="200" count="0" type="stmt"/>
        <line num="201" count="0" type="stmt"/>
        <line num="202" count="0" type="stmt"/>
        <line num="203" count="0" type="stmt"/>
        <line num="206" count="0" type="cond" truecount="0" falsecount="2"/>
        <line num="207" count="0" type="stmt"/>
        <line num="210" count="0" type="stmt"/>
        <line num="211" count="0" type="stmt"/>
        <line num="212" count="0" type="stmt"/>
        <line num="214" count="0" type="stmt"/>
        <line num="225" count="0" type="stmt"/>
        <line num="226" count="0" type="stmt"/>
        <line num="227" count="0" type="stmt"/>
        <line num="229" count="0" type="stmt"/>
        <line num="230" count="0" type="cond" truecount="0" falsecount="2"/>
        <line num="231" count="0" type="stmt"/>
        <line num="232" count="0" type="stmt"/>
        <line num="235" count="0" type="stmt"/>
        <line num="250" count="0" type="stmt"/>
      </file>
      <file name="logger.ts" path="/Users/mikl/Dropbox/dev/eslint-plugin-disable-autofix/src/utils/logger.ts">
        <metrics statements="17" coveredstatements="5" conditionals="6" coveredconditionals="0" methods="11" coveredmethods="0"/>
        <line num="6" count="2" type="stmt"/>
        <line num="36" count="2" type="stmt"/>
        <line num="42" count="0" type="cond" truecount="0" falsecount="2"/>
        <line num="43" count="0" type="stmt"/>
        <line num="53" count="0" type="cond" truecount="0" falsecount="2"/>
        <line num="62" count="0" type="cond" truecount="0" falsecount="2"/>
        <line num="70" count="0" type="stmt"/>
        <line num="79" count="2" type="stmt"/>
        <line num="80" count="0" type="stmt"/>
        <line num="81" count="0" type="stmt"/>
        <line num="82" count="0" type="stmt"/>
        <line num="83" count="0" type="stmt"/>
        <line num="84" count="0" type="stmt"/>
        <line num="91" count="2" type="stmt"/>
        <line num="92" count="0" type="stmt"/>
        <line num="98" count="2" type="stmt"/>
        <line num="99" count="0" type="stmt"/>
      </file>
      <file name="stats.ts" path="/Users/mikl/Dropbox/dev/eslint-plugin-disable-autofix/src/utils/stats.ts">
        <metrics statements="69" coveredstatements="8" conditionals="35" coveredconditionals="10" methods="20" coveredmethods="1"/>
        <line num="1" count="2" type="stmt"/>
        <line num="2" count="2" type="stmt"/>
        <line num="83" count="2" type="stmt"/>
        <line num="95" count="2" type="stmt"/>
        <line num="102" count="2" type="stmt"/>
        <line num="109" count="2" type="stmt"/>
        <line num="120" count="2" type="cond" truecount="1" falsecount="1"/>
        <line num="121" count="0" type="stmt"/>
        <line num="122" count="0" type="stmt"/>
        <line num="131" count="0" type="cond" truecount="0" falsecount="2"/>
        <line num="132" count="0" type="stmt"/>
        <line num="133" count="0" type="stmt"/>
        <line num="143" count="0" type="stmt"/>
        <line num="145" count="0" type="cond" truecount="0" falsecount="2"/>
        <line num="155" count="0" type="stmt"/>
        <line num="156" count="0" type="stmt"/>
        <line num="158" count="0" type="cond" truecount="0" falsecount="4"/>
        <line num="159" count="0" type="stmt"/>
        <line num="160" count="0" type="stmt"/>
        <line num="161" count="0" type="stmt"/>
        <line num="164" count="0" type="stmt"/>
        <line num="172" count="0" type="cond" truecount="0" falsecount="2"/>
        <line num="174" count="0" type="stmt"/>
        <line num="176" count="0" type="stmt"/>
        <line num="177" count="0" type="cond" truecount="0" falsecount="2"/>
        <line num="178" count="0" type="stmt"/>
        <line num="187" count="0" type="cond" truecount="0" falsecount="2"/>
        <line num="189" count="0" type="stmt"/>
        <line num="191" count="0" type="stmt"/>
        <line num="192" count="0" type="cond" truecount="0" falsecount="2"/>
        <line num="193" count="0" type="stmt"/>
        <line num="202" count="0" type="cond" truecount="0" falsecount="2"/>
        <line num="204" count="0" type="stmt"/>
        <line num="205" count="0" type="cond" truecount="0" falsecount="2"/>
        <line num="206" count="0" type="stmt"/>
        <line num="214" count="0" type="stmt"/>
        <line num="215" count="0" type="stmt"/>
        <line num="229" count="0" type="stmt"/>
        <line num="230" count="0" type="stmt"/>
        <line num="231" count="0" type="stmt"/>
        <line num="232" count="0" type="stmt"/>
        <line num="233" count="0" type="stmt"/>
        <line num="234" count="0" type="stmt"/>
        <line num="235" count="0" type="stmt"/>
        <line num="242" count="0" type="stmt"/>
        <line num="243" count="0" type="stmt"/>
        <line num="261" count="0" type="stmt"/>
        <line num="262" count="0" type="stmt"/>
        <line num="267" count="0" type="stmt"/>
        <line num="268" count="0" type="stmt"/>
        <line num="271" count="0" type="stmt"/>
        <line num="272" count="0" type="stmt"/>
        <line num="273" count="0" type="stmt"/>
        <line num="276" count="0" type="stmt"/>
        <line num="277" count="0" type="stmt"/>
        <line num="278" count="0" type="stmt"/>
        <line num="281" count="0" type="stmt"/>
        <line num="282" count="0" type="stmt"/>
        <line num="283" count="0" type="stmt"/>
        <line num="286" count="0" type="stmt"/>
        <line num="302" count="2" type="stmt"/>
        <line num="303" count="0" type="cond" truecount="0" falsecount="2"/>
        <line num="304" count="0" type="stmt"/>
        <line num="307" count="0" type="stmt"/>
        <line num="308" count="0" type="stmt"/>
        <line num="309" count="0" type="stmt"/>
        <line num="310" count="0" type="stmt"/>
        <line num="312" count="0" type="stmt"/>
        <line num="313" count="0" type="stmt"/>
      </file>
      <file name="testing.ts" path="/Users/mikl/Dropbox/dev/eslint-plugin-disable-autofix/src/utils/testing.ts">
        <metrics statements="47" coveredstatements="7" conditionals="28" coveredconditionals="0" methods="8" coveredmethods="0"/>
        <line num="2" count="2" type="stmt"/>
        <line num="3" count="2" type="stmt"/>
        <line num="21" count="2" type="stmt"/>
        <line num="25" count="0" type="cond" truecount="0" falsecount="2"/>
        <line num="27" count="0" type="stmt"/>
        <line num="30" count="0" type="stmt"/>
        <line num="31" count="0" type="stmt"/>
        <line num="38" count="0" type="cond" truecount="0" falsecount="2"/>
        <line num="39" count="0" type="stmt"/>
        <line num="44" count="0" type="stmt"/>
        <line num="47" count="0" type="stmt"/>
        <line num="48" count="0" type="stmt"/>
        <line num="50" count="0" type="stmt"/>
        <line num="56" count="0" type="cond" truecount="0" falsecount="4"/>
        <line num="60" count="0" type="cond" truecount="0" falsecount="2"/>
        <line num="61" count="0" type="stmt"/>
        <line num="74" count="0" type="cond" truecount="0" falsecount="2"/>
        <line num="75" count="0" type="cond" truecount="0" falsecount="2"/>
        <line num="76" count="0" type="stmt"/>
        <line num="84" count="2" type="stmt"/>
        <line num="88" count="0" type="cond" truecount="0" falsecount="2"/>
        <line num="89" count="0" type="stmt"/>
        <line num="93" count="0" type="cond" truecount="0" falsecount="2"/>
        <line num="94" count="0" type="stmt"/>
        <line num="98" count="0" type="cond" truecount="0" falsecount="2"/>
        <line num="99" count="0" type="stmt"/>
        <line num="101" count="0" type="cond" truecount="0" falsecount="2"/>
        <line num="102" count="0" type="stmt"/>
        <line num="105" count="0" type="stmt"/>
        <line num="109" count="0" type="stmt"/>
        <line num="117" count="2" type="stmt"/>
        <line num="121" count="0" type="stmt"/>
        <line num="123" count="0" type="stmt"/>
        <line num="140" count="2" type="stmt"/>
        <line num="143" count="0" type="stmt"/>
        <line num="145" count="0" type="stmt"/>
        <line num="146" count="0" type="stmt"/>
        <line num="156" count="0" type="stmt"/>
        <line num="162" count="2" type="stmt"/>
        <line num="168" count="0" type="stmt"/>
        <line num="170" count="0" type="stmt"/>
        <line num="171" count="0" type="stmt"/>
        <line num="172" count="0" type="stmt"/>
        <line num="173" count="0" type="stmt"/>
        <line num="175" count="0" type="stmt"/>
        <line num="182" count="0" type="stmt"/>
        <line num="183" count="0" type="stmt"/>
      </file>
    </package>
  </project>
</coverage>
