{"/Users/mikl/Dropbox/dev/eslint-plugin-disable-autofix/src/index.ts": {"path":"/Users/mikl/Dropbox/dev/eslint-plugin-disable-autofix/src/index.ts","statementMap":{"0":{"start":{"line":1,"column":0},"end":{"line":1,"column":25}},"1":{"start":{"line":2,"column":0},"end":{"line":2,"column":29}},"2":{"start":{"line":3,"column":0},"end":{"line":3,"column":46}},"3":{"start":{"line":6,"column":0},"end":{"line":6,"column":36}},"4":{"start":{"line":7,"column":0},"end":{"line":7,"column":48}},"5":{"start":{"line":8,"column":0},"end":{"line":8,"column":23}},"6":{"start":{"line":11,"column":0},"end":{"line":11,"column":48}},"7":{"start":{"line":12,"column":0},"end":{"line":12,"column":47}},"8":{"start":{"line":13,"column":0},"end":{"line":13,"column":9}},"9":{"start":{"line":698,"column":2},"end":{"line":13,"column":53}},"10":{"start":{"line":91,"column":38},"end":{"line":106,"column":2}},"11":{"start":{"line":108,"column":20},"end":{"line":108,"column":41}},"12":{"start":{"line":110,"column":18},"end":{"line":115,"column":1}},"13":{"start":{"line":111,"column":2},"end":{"line":111,"column":52}},"14":{"start":{"line":112,"column":2},"end":{"line":114,"column":3}},"15":{"start":{"line":113,"column":4},"end":{"line":113,"column":28}},"16":{"start":{"line":695,"column":2},"end":{"line":695,"column":11}},"17":{"start":{"line":118,"column":26},"end":{"line":142,"column":1}},"18":{"start":{"line":120,"column":2},"end":{"line":120,"column":66}},"19":{"start":{"line":120,"column":53},"end":{"line":120,"column":66}},"20":{"start":{"line":123,"column":2},"end":{"line":128,"column":3}},"21":{"start":{"line":127,"column":4},"end":{"line":127,"column":17}},"22":{"start":{"line":131,"column":2},"end":{"line":131,"column":65}},"23":{"start":{"line":131,"column":52},"end":{"line":131,"column":65}},"24":{"start":{"line":134,"column":2},"end":{"line":139,"column":3}},"25":{"start":{"line":138,"column":4},"end":{"line":138,"column":17}},"26":{"start":{"line":141,"column":2},"end":{"line":141,"column":14}},"27":{"start":{"line":145,"column":18},"end":{"line":159,"column":2}},"28":{"start":{"line":151,"column":4},"end":{"line":151,"column":47}},"29":{"start":{"line":151,"column":40},"end":{"line":151,"column":47}},"30":{"start":{"line":152,"column":4},"end":{"line":157,"column":7}},"31":{"start":{"line":161,"column":37},"end":{"line":161,"column":39}},"32":{"start":{"line":162,"column":16},"end":{"line":162,"column":34}},"33":{"start":{"line":163,"column":20},"end":{"line":163,"column":35}},"34":{"start":{"line":164,"column":24},"end":{"line":164,"column":26}},"35":{"start":{"line":166,"column":13},"end":{"line":166,"column":67}},"36":{"start":{"line":169,"column":20},"end":{"line":174,"column":1}},"37":{"start":{"line":170,"column":2},"end":{"line":172,"column":3}},"38":{"start":{"line":171,"column":4},"end":{"line":171,"column":29}},"39":{"start":{"line":173,"column":2},"end":{"line":173,"column":14}},"40":{"start":{"line":177,"column":19},"end":{"line":183,"column":1}},"41":{"start":{"line":178,"column":25},"end":{"line":181,"column":4}},"42":{"start":{"line":179,"column":4},"end":{"line":179,"column":23}},"43":{"start":{"line":180,"column":4},"end":{"line":180,"column":19}},"44":{"start":{"line":182,"column":2},"end":{"line":182,"column":37}},"45":{"start":{"line":694,"column":2},"end":{"line":694,"column":12}},"46":{"start":{"line":186,"column":24},"end":{"line":193,"column":1}},"47":{"start":{"line":187,"column":2},"end":{"line":192,"column":47}},"48":{"start":{"line":195,"column":18},"end":{"line":195,"column":46}},"49":{"start":{"line":197,"column":15},"end":{"line":206,"column":2}},"50":{"start":{"line":199,"column":4},"end":{"line":199,"column":76}},"51":{"start":{"line":202,"column":4},"end":{"line":204,"column":5}},"52":{"start":{"line":203,"column":6},"end":{"line":203,"column":64}},"53":{"start":{"line":692,"column":2},"end":{"line":692,"column":8}},"54":{"start":{"line":208,"column":27},"end":{"line":214,"column":1}},"55":{"start":{"line":209,"column":16},"end":{"line":209,"column":33}},"56":{"start":{"line":210,"column":17},"end":{"line":210,"column":21}},"57":{"start":{"line":211,"column":14},"end":{"line":211,"column":31}},"58":{"start":{"line":212,"column":2},"end":{"line":212,"column":57}},"59":{"start":{"line":213,"column":2},"end":{"line":213,"column":16}},"60":{"start":{"line":693,"column":2},"end":{"line":693,"column":20}},"61":{"start":{"line":216,"column":27},"end":{"line":244,"column":1}},"62":{"start":{"line":218,"column":2},"end":{"line":243,"column":3}},"63":{"start":{"line":219,"column":22},"end":{"line":219,"column":52}},"64":{"start":{"line":220,"column":20},"end":{"line":220,"column":48}},"65":{"start":{"line":221,"column":20},"end":{"line":221,"column":39}},"66":{"start":{"line":223,"column":4},"end":{"line":227,"column":5}},"67":{"start":{"line":224,"column":6},"end":{"line":226,"column":8}},"68":{"start":{"line":230,"column":24},"end":{"line":230,"column":45}},"69":{"start":{"line":231,"column":24},"end":{"line":231,"column":46}},"70":{"start":{"line":232,"column":4},"end":{"line":236,"column":5}},"71":{"start":{"line":233,"column":6},"end":{"line":235,"column":8}},"72":{"start":{"line":238,"column":4},"end":{"line":242,"column":5}},"73":{"start":{"line":239,"column":6},"end":{"line":239,"column":33}},"74":{"start":{"line":241,"column":6},"end":{"line":241,"column":67}},"75":{"start":{"line":246,"column":25},"end":{"line":257,"column":1}},"76":{"start":{"line":247,"column":2},"end":{"line":256,"column":3}},"77":{"start":{"line":248,"column":22},"end":{"line":248,"column":52}},"78":{"start":{"line":249,"column":20},"end":{"line":249,"column":48}},"79":{"start":{"line":250,"column":4},"end":{"line":253,"column":6}},"80":{"start":{"line":255,"column":4},"end":{"line":255,"column":39}},"81":{"start":{"line":259,"column":21},"end":{"line":293,"column":1}},"82":{"start":{"line":260,"column":18},"end":{"line":260,"column":36}},"83":{"start":{"line":261,"column":19},"end":{"line":261,"column":36}},"84":{"start":{"line":262,"column":21},"end":{"line":262,"column":72}},"85":{"start":{"line":265,"column":23},"end":{"line":274,"column":4}},"86":{"start":{"line":268,"column":22},"end":{"line":271,"column":8}},"87":{"start":{"line":277,"column":21},"end":{"line":290,"column":4}},"88":{"start":{"line":284,"column":22},"end":{"line":287,"column":8}},"89":{"start":{"line":292,"column":2},"end":{"line":292,"column":46}},"90":{"start":{"line":297,"column":26},"end":{"line":313,"column":1}},"91":{"start":{"line":298,"column":19},"end":{"line":298,"column":26}},"92":{"start":{"line":299,"column":2},"end":{"line":311,"column":3}},"93":{"start":{"line":301,"column":4},"end":{"line":309,"column":5}},"94":{"start":{"line":308,"column":6},"end":{"line":308,"column":24}},"95":{"start":{"line":310,"column":4},"end":{"line":310,"column":42}},"96":{"start":{"line":312,"column":2},"end":{"line":312,"column":17}},"97":{"start":{"line":315,"column":30},"end":{"line":332,"column":1}},"98":{"start":{"line":316,"column":24},"end":{"line":316,"column":43}},"99":{"start":{"line":317,"column":24},"end":{"line":324,"column":4}},"100":{"start":{"line":326,"column":2},"end":{"line":330,"column":3}},"101":{"start":{"line":327,"column":4},"end":{"line":329,"column":5}},"102":{"start":{"line":328,"column":6},"end":{"line":328,"column":21}},"103":{"start":{"line":331,"column":2},"end":{"line":331,"column":20}},"104":{"start":{"line":334,"column":14},"end":{"line":334,"column":35}},"105":{"start":{"line":335,"column":14},"end":{"line":335,"column":34}},"106":{"start":{"line":697,"column":2},"end":{"line":697,"column":7}},"107":{"start":{"line":337,"column":17},"end":{"line":414,"column":1}},"108":{"start":{"line":338,"column":2},"end":{"line":413,"column":4}},"109":{"start":{"line":340,"column":6},"end":{"line":410,"column":7}},"110":{"start":{"line":342,"column":8},"end":{"line":357,"column":9}},"111":{"start":{"line":344,"column":31},"end":{"line":344,"column":62}},"112":{"start":{"line":345,"column":22},"end":{"line":345,"column":32}},"113":{"start":{"line":346,"column":25},"end":{"line":346,"column":52}},"114":{"start":{"line":348,"column":10},"end":{"line":351,"column":11}},"115":{"start":{"line":349,"column":12},"end":{"line":349,"column":34}},"116":{"start":{"line":350,"column":12},"end":{"line":350,"column":31}},"117":{"start":{"line":353,"column":10},"end":{"line":353,"column":34}},"118":{"start":{"line":354,"column":23},"end":{"line":354,"column":63}},"119":{"start":{"line":355,"column":10},"end":{"line":355,"column":64}},"120":{"start":{"line":356,"column":10},"end":{"line":356,"column":22}},"121":{"start":{"line":360,"column":8},"end":{"line":366,"column":9}},"122":{"start":{"line":361,"column":25},"end":{"line":361,"column":44}},"123":{"start":{"line":362,"column":10},"end":{"line":365,"column":11}},"124":{"start":{"line":363,"column":12},"end":{"line":363,"column":34}},"125":{"start":{"line":364,"column":12},"end":{"line":364,"column":26}},"126":{"start":{"line":368,"column":29},"end":{"line":368,"column":60}},"127":{"start":{"line":369,"column":20},"end":{"line":369,"column":30}},"128":{"start":{"line":370,"column":23},"end":{"line":370,"column":50}},"129":{"start":{"line":372,"column":8},"end":{"line":375,"column":9}},"130":{"start":{"line":373,"column":10},"end":{"line":373,"column":32}},"131":{"start":{"line":374,"column":10},"end":{"line":374,"column":29}},"132":{"start":{"line":377,"column":8},"end":{"line":377,"column":32}},"133":{"start":{"line":378,"column":21},"end":{"line":378,"column":61}},"134":{"start":{"line":379,"column":8},"end":{"line":379,"column":62}},"135":{"start":{"line":381,"column":8},"end":{"line":383,"column":9}},"136":{"start":{"line":382,"column":10},"end":{"line":382,"column":36}},"137":{"start":{"line":385,"column":8},"end":{"line":385,"column":20}},"138":{"start":{"line":388,"column":10},"end":{"line":388,"column":64}},"139":{"start":{"line":389,"column":8},"end":{"line":389,"column":44}},"140":{"start":{"line":391,"column":8},"end":{"line":409,"column":9}},"141":{"start":{"line":392,"column":10},"end":{"line":395,"column":12}},"142":{"start":{"line":397,"column":10},"end":{"line":405,"column":12}},"143":{"start":{"line":404,"column":27},"end":{"line":404,"column":29}},"144":{"start":{"line":407,"column":10},"end":{"line":407,"column":70}},"145":{"start":{"line":408,"column":10},"end":{"line":408,"column":22}},"146":{"start":{"line":418,"column":20},"end":{"line":425,"column":1}},"147":{"start":{"line":419,"column":2},"end":{"line":424,"column":3}},"148":{"start":{"line":420,"column":4},"end":{"line":420,"column":35}},"149":{"start":{"line":422,"column":4},"end":{"line":422,"column":63}},"150":{"start":{"line":423,"column":4},"end":{"line":423,"column":14}},"151":{"start":{"line":428,"column":20},"end":{"line":430,"column":67}},"152":{"start":{"line":430,"column":19},"end":{"line":430,"column":66}},"153":{"start":{"line":432,"column":0},"end":{"line":446,"column":1}},"154":{"start":{"line":433,"column":19},"end":{"line":437,"column":null}},"155":{"start":{"line":439,"column":23},"end":{"line":439,"column":41}},"156":{"start":{"line":440,"column":2},"end":{"line":445,"column":3}},"157":{"start":{"line":441,"column":21},"end":{"line":441,"column":44}},"158":{"start":{"line":442,"column":4},"end":{"line":444,"column":5}},"159":{"start":{"line":443,"column":6},"end":{"line":443,"column":70}},"160":{"start":{"line":449,"column":22},"end":{"line":457,"column":6}},"161":{"start":{"line":452,"column":8},"end":{"line":455,"column":28}},"162":{"start":{"line":459,"column":22},"end":{"line":461,"column":1}},"163":{"start":{"line":460,"column":2},"end":{"line":460,"column":39}},"164":{"start":{"line":464,"column":0},"end":{"line":511,"column":1}},"165":{"start":{"line":465,"column":2},"end":{"line":510,"column":3}},"166":{"start":{"line":466,"column":4},"end":{"line":503,"column":5}},"167":{"start":{"line":467,"column":32},"end":{"line":469,"column":58}},"168":{"start":{"line":469,"column":25},"end":{"line":469,"column":57}},"169":{"start":{"line":470,"column":6},"end":{"line":489,"column":7}},"170":{"start":{"line":471,"column":8},"end":{"line":488,"column":9}},"171":{"start":{"line":472,"column":31},"end":{"line":472,"column":71}},"172":{"start":{"line":473,"column":33},"end":{"line":473,"column":70}},"173":{"start":{"line":474,"column":10},"end":{"line":477,"column":12}},"174":{"start":{"line":478,"column":10},"end":{"line":478,"column":47}},"175":{"start":{"line":480,"column":10},"end":{"line":487,"column":11}},"176":{"start":{"line":481,"column":12},"end":{"line":484,"column":14}},"177":{"start":{"line":486,"column":12},"end":{"line":486,"column":24}},"178":{"start":{"line":491,"column":6},"end":{"line":502,"column":7}},"179":{"start":{"line":492,"column":27},"end":{"line":492,"column":48}},"180":{"start":{"line":493,"column":25},"end":{"line":493,"column":60}},"181":{"start":{"line":494,"column":8},"end":{"line":494,"column":29}},"182":{"start":{"line":495,"column":8},"end":{"line":495,"column":39}},"183":{"start":{"line":497,"column":8},"end":{"line":501,"column":9}},"184":{"start":{"line":498,"column":10},"end":{"line":498,"column":75}},"185":{"start":{"line":500,"column":10},"end":{"line":500,"column":22}},"186":{"start":{"line":505,"column":4},"end":{"line":509,"column":5}},"187":{"start":{"line":506,"column":6},"end":{"line":506,"column":74}},"188":{"start":{"line":508,"column":6},"end":{"line":508,"column":18}},"189":{"start":{"line":514,"column":27},"end":{"line":563,"column":1}},"190":{"start":{"line":515,"column":22},"end":{"line":515,"column":40}},"191":{"start":{"line":516,"column":19},"end":{"line":516,"column":34}},"192":{"start":{"line":517,"column":21},"end":{"line":517,"column":46}},"193":{"start":{"line":519,"column":2},"end":{"line":562,"column":3}},"194":{"start":{"line":520,"column":4},"end":{"line":561,"column":5}},"195":{"start":{"line":521,"column":6},"end":{"line":551,"column":7}},"196":{"start":{"line":522,"column":27},"end":{"line":522,"column":52}},"197":{"start":{"line":525,"column":8},"end":{"line":550,"column":9}},"198":{"start":{"line":527,"column":10},"end":{"line":535,"column":11}},"199":{"start":{"line":528,"column":31},"end":{"line":528,"column":73}},"200":{"start":{"line":529,"column":12},"end":{"line":534,"column":13}},"201":{"start":{"line":530,"column":14},"end":{"line":532,"column":16}},"202":{"start":{"line":533,"column":14},"end":{"line":533,"column":23}},"203":{"start":{"line":538,"column":31},"end":{"line":538,"column":60}},"204":{"start":{"line":539,"column":10},"end":{"line":539,"column":51}},"205":{"start":{"line":542,"column":10},"end":{"line":544,"column":11}},"206":{"start":{"line":543,"column":12},"end":{"line":543,"column":40}},"207":{"start":{"line":547,"column":10},"end":{"line":549,"column":11}},"208":{"start":{"line":548,"column":12},"end":{"line":548,"column":44}},"209":{"start":{"line":553,"column":6},"end":{"line":560,"column":7}},"210":{"start":{"line":554,"column":8},"end":{"line":557,"column":10}},"211":{"start":{"line":559,"column":8},"end":{"line":559,"column":20}},"212":{"start":{"line":566,"column":0},"end":{"line":568,"column":1}},"213":{"start":{"line":567,"column":2},"end":{"line":567,"column":29}},"214":{"start":{"line":573,"column":0},"end":{"line":573,"column":21}},"215":{"start":{"line":575,"column":37},"end":{"line":601,"column":2}},"216":{"start":{"line":604,"column":25},"end":{"line":670,"column":2}},"217":{"start":{"line":607,"column":4},"end":{"line":607,"column":26}},"218":{"start":{"line":611,"column":23},"end":{"line":611,"column":74}},"219":{"start":{"line":612,"column":4},"end":{"line":618,"column":6}},"220":{"start":{"line":613,"column":22},"end":{"line":616,"column":8}},"221":{"start":{"line":622,"column":23},"end":{"line":622,"column":74}},"222":{"start":{"line":623,"column":21},"end":{"line":623,"column":38}},"223":{"start":{"line":625,"column":4},"end":{"line":651,"column":5}},"224":{"start":{"line":626,"column":6},"end":{"line":635,"column":8}},"225":{"start":{"line":629,"column":26},"end":{"line":632,"column":12}},"226":{"start":{"line":637,"column":6},"end":{"line":650,"column":8}},"227":{"start":{"line":644,"column":26},"end":{"line":647,"column":12}},"228":{"start":{"line":655,"column":29},"end":{"line":655,"column":31}},"229":{"start":{"line":657,"column":4},"end":{"line":659,"column":5}},"230":{"start":{"line":658,"column":6},"end":{"line":658,"column":51}},"231":{"start":{"line":661,"column":4},"end":{"line":663,"column":5}},"232":{"start":{"line":662,"column":6},"end":{"line":662,"column":49}},"233":{"start":{"line":665,"column":4},"end":{"line":668,"column":6}},"234":{"start":{"line":696,"column":2},"end":{"line":696,"column":18}},"235":{"start":{"line":673,"column":0},"end":{"line":677,"column":1}},"236":{"start":{"line":674,"column":2},"end":{"line":676,"column":5}},"237":{"start":{"line":675,"column":4},"end":{"line":675,"column":23}},"238":{"start":{"line":680,"column":0},"end":{"line":689,"column":3}},"239":{"start":{"line":681,"column":2},"end":{"line":683,"column":3}},"240":{"start":{"line":682,"column":4},"end":{"line":682,"column":17}},"241":{"start":{"line":684,"column":2},"end":{"line":688,"column":3}},"242":{"start":{"line":685,"column":4},"end":{"line":687,"column":6}},"243":{"start":{"line":701,"column":0},"end":{"line":701,"column":22}}},"fnMap":{"0":{"name":"(anonymous_1)","decl":{"start":{"line":698,"column":2},"end":{"line":698,"column":20}},"loc":{"start":{"line":698,"column":2},"end":{"line":13,"column":53}}},"1":{"name":"(anonymous_2)","decl":{"start":{"line":110,"column":18},"end":{"line":110,"column":19}},"loc":{"start":{"line":110,"column":54},"end":{"line":115,"column":1}}},"2":{"name":"(anonymous_3)","decl":{"start":{"line":118,"column":26},"end":{"line":118,"column":27}},"loc":{"start":{"line":118,"column":54},"end":{"line":142,"column":1}}},"3":{"name":"(anonymous_4)","decl":{"start":{"line":150,"column":2},"end":{"line":150,"column":8}},"loc":{"start":{"line":150,"column":8},"end":{"line":158,"column":3}}},"4":{"name":"(anonymous_5)","decl":{"start":{"line":169,"column":20},"end":{"line":169,"column":21}},"loc":{"start":{"line":169,"column":63},"end":{"line":174,"column":1}}},"5":{"name":"(anonymous_6)","decl":{"start":{"line":177,"column":19},"end":{"line":177,"column":20}},"loc":{"start":{"line":177,"column":62},"end":{"line":183,"column":1}}},"6":{"name":"(anonymous_7)","decl":{"start":{"line":178,"column":35},"end":{"line":178,"column":36}},"loc":{"start":{"line":178,"column":47},"end":{"line":181,"column":3}}},"7":{"name":"(anonymous_8)","decl":{"start":{"line":186,"column":24},"end":{"line":186,"column":25}},"loc":{"start":{"line":186,"column":53},"end":{"line":193,"column":1}}},"8":{"name":"(anonymous_9)","decl":{"start":{"line":198,"column":8},"end":{"line":198,"column":9}},"loc":{"start":{"line":198,"column":45},"end":{"line":200,"column":3}}},"9":{"name":"(anonymous_10)","decl":{"start":{"line":201,"column":9},"end":{"line":201,"column":10}},"loc":{"start":{"line":201,"column":29},"end":{"line":205,"column":3}}},"10":{"name":"(anonymous_11)","decl":{"start":{"line":208,"column":27},"end":{"line":208,"column":31}},"loc":{"start":{"line":208,"column":64},"end":{"line":214,"column":1}}},"11":{"name":"(anonymous_12)","decl":{"start":{"line":216,"column":27},"end":{"line":216,"column":36}},"loc":{"start":{"line":216,"column":38},"end":{"line":244,"column":1}}},"12":{"name":"(anonymous_13)","decl":{"start":{"line":246,"column":25},"end":{"line":246,"column":61}},"loc":{"start":{"line":246,"column":63},"end":{"line":257,"column":1}}},"13":{"name":"(anonymous_14)","decl":{"start":{"line":259,"column":21},"end":{"line":259,"column":24}},"loc":{"start":{"line":259,"column":26},"end":{"line":293,"column":1}}},"14":{"name":"(anonymous_15)","decl":{"start":{"line":268,"column":6},"end":{"line":268,"column":7}},"loc":{"start":{"line":268,"column":22},"end":{"line":271,"column":8}}},"15":{"name":"(anonymous_16)","decl":{"start":{"line":284,"column":6},"end":{"line":284,"column":7}},"loc":{"start":{"line":284,"column":22},"end":{"line":287,"column":8}}},"16":{"name":"(anonymous_17)","decl":{"start":{"line":297,"column":26},"end":{"line":297,"column":37}},"loc":{"start":{"line":297,"column":39},"end":{"line":313,"column":1}}},"17":{"name":"(anonymous_18)","decl":{"start":{"line":315,"column":30},"end":{"line":315,"column":31}},"loc":{"start":{"line":315,"column":61},"end":{"line":332,"column":1}}},"18":{"name":"(anonymous_19)","decl":{"start":{"line":337,"column":17},"end":{"line":337,"column":18}},"loc":{"start":{"line":337,"column":62},"end":{"line":414,"column":1}}},"19":{"name":"(anonymous_20)","decl":{"start":{"line":339,"column":4},"end":{"line":339,"column":7}},"loc":{"start":{"line":339,"column":9},"end":{"line":411,"column":5}}},"20":{"name":"(anonymous_21)","decl":{"start":{"line":404,"column":20},"end":{"line":404,"column":23}},"loc":{"start":{"line":404,"column":27},"end":{"line":404,"column":29}}},"21":{"name":"(anonymous_22)","decl":{"start":{"line":418,"column":20},"end":{"line":418,"column":21}},"loc":{"start":{"line":418,"column":50},"end":{"line":425,"column":1}}},"22":{"name":"(anonymous_23)","decl":{"start":{"line":430,"column":9},"end":{"line":430,"column":10}},"loc":{"start":{"line":430,"column":19},"end":{"line":430,"column":66}}},"23":{"name":"(anonymous_24)","decl":{"start":{"line":451,"column":6},"end":{"line":451,"column":7}},"loc":{"start":{"line":452,"column":8},"end":{"line":455,"column":28}}},"24":{"name":"(anonymous_25)","decl":{"start":{"line":459,"column":22},"end":{"line":459,"column":23}},"loc":{"start":{"line":459,"column":49},"end":{"line":461,"column":1}}},"25":{"name":"(anonymous_26)","decl":{"start":{"line":469,"column":15},"end":{"line":469,"column":16}},"loc":{"start":{"line":469,"column":25},"end":{"line":469,"column":57}}},"26":{"name":"(anonymous_27)","decl":{"start":{"line":514,"column":27},"end":{"line":514,"column":28}},"loc":{"start":{"line":514,"column":58},"end":{"line":563,"column":1}}},"27":{"name":"(anonymous_28)","decl":{"start":{"line":605,"column":2},"end":{"line":605,"column":21}},"loc":{"start":{"line":605,"column":34},"end":{"line":608,"column":3}}},"28":{"name":"(anonymous_29)","decl":{"start":{"line":609,"column":2},"end":{"line":609,"column":25}},"loc":{"start":{"line":609,"column":41},"end":{"line":619,"column":3}}},"29":{"name":"(anonymous_30)","decl":{"start":{"line":613,"column":6},"end":{"line":613,"column":7}},"loc":{"start":{"line":613,"column":22},"end":{"line":616,"column":8}}},"30":{"name":"(anonymous_31)","decl":{"start":{"line":621,"column":2},"end":{"line":621,"column":26}},"loc":{"start":{"line":621,"column":65},"end":{"line":652,"column":3}}},"31":{"name":"(anonymous_32)","decl":{"start":{"line":629,"column":10},"end":{"line":629,"column":11}},"loc":{"start":{"line":629,"column":26},"end":{"line":632,"column":12}}},"32":{"name":"(anonymous_33)","decl":{"start":{"line":644,"column":10},"end":{"line":644,"column":11}},"loc":{"start":{"line":644,"column":26},"end":{"line":647,"column":12}}},"33":{"name":"(anonymous_34)","decl":{"start":{"line":654,"column":2},"end":{"line":654,"column":16}},"loc":{"start":{"line":654,"column":28},"end":{"line":669,"column":3}}},"34":{"name":"(anonymous_35)","decl":{"start":{"line":674,"column":21},"end":{"line":674,"column":24}},"loc":{"start":{"line":674,"column":26},"end":{"line":676,"column":3}}},"35":{"name":"(anonymous_36)","decl":{"start":{"line":680,"column":19},"end":{"line":680,"column":22}},"loc":{"start":{"line":680,"column":24},"end":{"line":689,"column":1}}}},"branchMap":{"0":{"loc":{"start":{"line":112,"column":2},"end":{"line":114,"column":3}},"type":"if","locations":[{"start":{"line":112,"column":2},"end":{"line":114,"column":3}},{"start":{},"end":{}}]},"1":{"loc":{"start":{"line":120,"column":2},"end":{"line":120,"column":66}},"type":"if","locations":[{"start":{"line":120,"column":2},"end":{"line":120,"column":66}},{"start":{},"end":{}}]},"2":{"loc":{"start":{"line":123,"column":2},"end":{"line":128,"column":3}},"type":"if","locations":[{"start":{"line":123,"column":2},"end":{"line":128,"column":3}},{"start":{},"end":{}}]},"3":{"loc":{"start":{"line":124,"column":4},"end":{"line":125,"column":49}},"type":"binary-expr","locations":[{"start":{"line":124,"column":4},"end":{"line":124,"column":39}},{"start":{"line":125,"column":4},"end":{"line":125,"column":49}}]},"4":{"loc":{"start":{"line":131,"column":2},"end":{"line":131,"column":65}},"type":"if","locations":[{"start":{"line":131,"column":2},"end":{"line":131,"column":65}},{"start":{},"end":{}}]},"5":{"loc":{"start":{"line":134,"column":2},"end":{"line":139,"column":3}},"type":"if","locations":[{"start":{"line":134,"column":2},"end":{"line":139,"column":3}},{"start":{},"end":{}}]},"6":{"loc":{"start":{"line":135,"column":4},"end":{"line":136,"column":48}},"type":"binary-expr","locations":[{"start":{"line":135,"column":4},"end":{"line":135,"column":38}},{"start":{"line":136,"column":4},"end":{"line":136,"column":48}}]},"7":{"loc":{"start":{"line":151,"column":4},"end":{"line":151,"column":47}},"type":"if","locations":[{"start":{"line":151,"column":4},"end":{"line":151,"column":47}},{"start":{},"end":{}}]},"8":{"loc":{"start":{"line":170,"column":2},"end":{"line":172,"column":3}},"type":"if","locations":[{"start":{"line":170,"column":2},"end":{"line":172,"column":3}},{"start":{},"end":{}}]},"9":{"loc":{"start":{"line":187,"column":9},"end":{"line":192,"column":46}},"type":"cond-expr","locations":[{"start":{"line":190,"column":6},"end":{"line":190,"column":67}},{"start":{"line":192,"column":6},"end":{"line":192,"column":46}}]},"10":{"loc":{"start":{"line":199,"column":63},"end":{"line":199,"column":74}},"type":"binary-expr","locations":[{"start":{"line":199,"column":63},"end":{"line":199,"column":68}},{"start":{"line":199,"column":72},"end":{"line":199,"column":74}}]},"11":{"loc":{"start":{"line":202,"column":4},"end":{"line":204,"column":5}},"type":"if","locations":[{"start":{"line":202,"column":4},"end":{"line":204,"column":5}},{"start":{},"end":{}}]},"12":{"loc":{"start":{"line":223,"column":4},"end":{"line":227,"column":5}},"type":"if","locations":[{"start":{"line":223,"column":4},"end":{"line":227,"column":5}},{"start":{},"end":{}}]},"13":{"loc":{"start":{"line":232,"column":4},"end":{"line":236,"column":5}},"type":"if","locations":[{"start":{"line":232,"column":4},"end":{"line":236,"column":5}},{"start":{},"end":{}}]},"14":{"loc":{"start":{"line":238,"column":4},"end":{"line":242,"column":5}},"type":"if","locations":[{"start":{"line":238,"column":4},"end":{"line":242,"column":5}},{"start":{"line":240,"column":11},"end":{"line":242,"column":5}}]},"15":{"loc":{"start":{"line":262,"column":21},"end":{"line":262,"column":72}},"type":"binary-expr","locations":[{"start":{"line":262,"column":21},"end":{"line":262,"column":51}},{"start":{"line":262,"column":55},"end":{"line":262,"column":72}}]},"16":{"loc":{"start":{"line":292,"column":9},"end":{"line":292,"column":45}},"type":"cond-expr","locations":[{"start":{"line":292,"column":20},"end":{"line":292,"column":32}},{"start":{"line":292,"column":35},"end":{"line":292,"column":45}}]},"17":{"loc":{"start":{"line":301,"column":4},"end":{"line":309,"column":5}},"type":"if","locations":[{"start":{"line":301,"column":4},"end":{"line":309,"column":5}},{"start":{},"end":{}}]},"18":{"loc":{"start":{"line":302,"column":6},"end":{"line":306,"column":58}},"type":"binary-expr","locations":[{"start":{"line":302,"column":6},"end":{"line":302,"column":53}},{"start":{"line":303,"column":6},"end":{"line":303,"column":56}},{"start":{"line":304,"column":6},"end":{"line":304,"column":65}},{"start":{"line":305,"column":6},"end":{"line":305,"column":55}},{"start":{"line":306,"column":6},"end":{"line":306,"column":58}}]},"19":{"loc":{"start":{"line":327,"column":4},"end":{"line":329,"column":5}},"type":"if","locations":[{"start":{"line":327,"column":4},"end":{"line":329,"column":5}},{"start":{},"end":{}}]},"20":{"loc":{"start":{"line":342,"column":8},"end":{"line":357,"column":9}},"type":"if","locations":[{"start":{"line":342,"column":8},"end":{"line":357,"column":9}},{"start":{},"end":{}}]},"21":{"loc":{"start":{"line":348,"column":10},"end":{"line":351,"column":11}},"type":"if","locations":[{"start":{"line":348,"column":10},"end":{"line":351,"column":11}},{"start":{},"end":{}}]},"22":{"loc":{"start":{"line":348,"column":14},"end":{"line":348,"column":76}},"type":"binary-expr","locations":[{"start":{"line":348,"column":14},"end":{"line":348,"column":20}},{"start":{"line":348,"column":24},"end":{"line":348,"column":76}}]},"23":{"loc":{"start":{"line":360,"column":8},"end":{"line":366,"column":9}},"type":"if","locations":[{"start":{"line":360,"column":8},"end":{"line":366,"column":9}},{"start":{},"end":{}}]},"24":{"loc":{"start":{"line":362,"column":10},"end":{"line":365,"column":11}},"type":"if","locations":[{"start":{"line":362,"column":10},"end":{"line":365,"column":11}},{"start":{},"end":{}}]},"25":{"loc":{"start":{"line":372,"column":8},"end":{"line":375,"column":9}},"type":"if","locations":[{"start":{"line":372,"column":8},"end":{"line":375,"column":9}},{"start":{},"end":{}}]},"26":{"loc":{"start":{"line":372,"column":12},"end":{"line":372,"column":74}},"type":"binary-expr","locations":[{"start":{"line":372,"column":12},"end":{"line":372,"column":18}},{"start":{"line":372,"column":22},"end":{"line":372,"column":74}}]},"27":{"loc":{"start":{"line":381,"column":8},"end":{"line":383,"column":9}},"type":"if","locations":[{"start":{"line":381,"column":8},"end":{"line":383,"column":9}},{"start":{},"end":{}}]},"28":{"loc":{"start":{"line":381,"column":12},"end":{"line":381,"column":46}},"type":"binary-expr","locations":[{"start":{"line":381,"column":12},"end":{"line":381,"column":16}},{"start":{"line":381,"column":20},"end":{"line":381,"column":46}}]},"29":{"loc":{"start":{"line":388,"column":10},"end":{"line":388,"column":64}},"type":"cond-expr","locations":[{"start":{"line":388,"column":35},"end":{"line":388,"column":48}},{"start":{"line":388,"column":51},"end":{"line":388,"column":64}}]},"30":{"loc":{"start":{"line":391,"column":8},"end":{"line":409,"column":9}},"type":"if","locations":[{"start":{"line":391,"column":8},"end":{"line":409,"column":9}},{"start":{"line":406,"column":15},"end":{"line":409,"column":9}}]},"31":{"loc":{"start":{"line":430,"column":19},"end":{"line":430,"column":66}},"type":"binary-expr","locations":[{"start":{"line":430,"column":19},"end":{"line":430,"column":39}},{"start":{"line":430,"column":43},"end":{"line":430,"column":66}}]},"32":{"loc":{"start":{"line":440,"column":2},"end":{"line":445,"column":3}},"type":"if","locations":[{"start":{"line":440,"column":2},"end":{"line":445,"column":3}},{"start":{},"end":{}}]},"33":{"loc":{"start":{"line":442,"column":4},"end":{"line":444,"column":5}},"type":"if","locations":[{"start":{"line":442,"column":4},"end":{"line":444,"column":5}},{"start":{},"end":{}}]},"34":{"loc":{"start":{"line":449,"column":22},"end":{"line":457,"column":6}},"type":"cond-expr","locations":[{"start":{"line":450,"column":4},"end":{"line":455,"column":null}},{"start":{"line":457,"column":4},"end":{"line":457,"column":6}}]},"35":{"loc":{"start":{"line":452,"column":8},"end":{"line":455,"column":28}},"type":"binary-expr","locations":[{"start":{"line":452,"column":9},"end":{"line":452,"column":43}},{"start":{"line":452,"column":47},"end":{"line":452,"column":69}},{"start":{"line":453,"column":8},"end":{"line":453,"column":36}},{"start":{"line":454,"column":8},"end":{"line":454,"column":50}},{"start":{"line":455,"column":8},"end":{"line":455,"column":28}}]},"36":{"loc":{"start":{"line":466,"column":4},"end":{"line":503,"column":5}},"type":"if","locations":[{"start":{"line":466,"column":4},"end":{"line":503,"column":5}},{"start":{"line":490,"column":11},"end":{"line":503,"column":5}}]},"37":{"loc":{"start":{"line":480,"column":10},"end":{"line":487,"column":11}},"type":"if","locations":[{"start":{"line":480,"column":10},"end":{"line":487,"column":11}},{"start":{"line":485,"column":17},"end":{"line":487,"column":11}}]},"38":{"loc":{"start":{"line":497,"column":8},"end":{"line":501,"column":9}},"type":"if","locations":[{"start":{"line":497,"column":8},"end":{"line":501,"column":9}},{"start":{"line":499,"column":15},"end":{"line":501,"column":9}}]},"39":{"loc":{"start":{"line":505,"column":4},"end":{"line":509,"column":5}},"type":"if","locations":[{"start":{"line":505,"column":4},"end":{"line":509,"column":5}},{"start":{"line":507,"column":11},"end":{"line":509,"column":5}}]},"40":{"loc":{"start":{"line":515,"column":22},"end":{"line":515,"column":40}},"type":"binary-expr","locations":[{"start":{"line":515,"column":22},"end":{"line":515,"column":34}},{"start":{"line":515,"column":38},"end":{"line":515,"column":40}}]},"41":{"loc":{"start":{"line":516,"column":19},"end":{"line":516,"column":34}},"type":"binary-expr","locations":[{"start":{"line":516,"column":19},"end":{"line":516,"column":28}},{"start":{"line":516,"column":32},"end":{"line":516,"column":34}}]},"42":{"loc":{"start":{"line":521,"column":6},"end":{"line":551,"column":7}},"type":"if","locations":[{"start":{"line":521,"column":6},"end":{"line":551,"column":7}},{"start":{},"end":{}}]},"43":{"loc":{"start":{"line":521,"column":10},"end":{"line":521,"column":42}},"type":"binary-expr","locations":[{"start":{"line":521,"column":10},"end":{"line":521,"column":14}},{"start":{"line":521,"column":18},"end":{"line":521,"column":42}}]},"44":{"loc":{"start":{"line":525,"column":8},"end":{"line":550,"column":9}},"type":"if","locations":[{"start":{"line":525,"column":8},"end":{"line":550,"column":9}},{"start":{},"end":{}}]},"45":{"loc":{"start":{"line":527,"column":10},"end":{"line":535,"column":11}},"type":"if","locations":[{"start":{"line":527,"column":10},"end":{"line":535,"column":11}},{"start":{},"end":{}}]},"46":{"loc":{"start":{"line":527,"column":14},"end":{"line":527,"column":59}},"type":"binary-expr","locations":[{"start":{"line":527,"column":14},"end":{"line":527,"column":38}},{"start":{"line":527,"column":42},"end":{"line":527,"column":59}}]},"47":{"loc":{"start":{"line":529,"column":12},"end":{"line":534,"column":13}},"type":"if","locations":[{"start":{"line":529,"column":12},"end":{"line":534,"column":13}},{"start":{},"end":{}}]},"48":{"loc":{"start":{"line":542,"column":10},"end":{"line":544,"column":11}},"type":"if","locations":[{"start":{"line":542,"column":10},"end":{"line":544,"column":11}},{"start":{},"end":{}}]},"49":{"loc":{"start":{"line":547,"column":10},"end":{"line":549,"column":11}},"type":"if","locations":[{"start":{"line":547,"column":10},"end":{"line":549,"column":11}},{"start":{},"end":{}}]},"50":{"loc":{"start":{"line":553,"column":6},"end":{"line":560,"column":7}},"type":"if","locations":[{"start":{"line":553,"column":6},"end":{"line":560,"column":7}},{"start":{"line":558,"column":13},"end":{"line":560,"column":7}}]},"51":{"loc":{"start":{"line":611,"column":23},"end":{"line":611,"column":74}},"type":"binary-expr","locations":[{"start":{"line":611,"column":23},"end":{"line":611,"column":53}},{"start":{"line":611,"column":57},"end":{"line":611,"column":74}}]},"52":{"loc":{"start":{"line":622,"column":23},"end":{"line":622,"column":74}},"type":"binary-expr","locations":[{"start":{"line":622,"column":23},"end":{"line":622,"column":53}},{"start":{"line":622,"column":57},"end":{"line":622,"column":74}}]},"53":{"loc":{"start":{"line":625,"column":4},"end":{"line":651,"column":5}},"type":"if","locations":[{"start":{"line":625,"column":4},"end":{"line":651,"column":5}},{"start":{"line":636,"column":11},"end":{"line":651,"column":5}}]},"54":{"loc":{"start":{"line":657,"column":4},"end":{"line":659,"column":5}},"type":"if","locations":[{"start":{"line":657,"column":4},"end":{"line":659,"column":5}},{"start":{},"end":{}}]},"55":{"loc":{"start":{"line":661,"column":4},"end":{"line":663,"column":5}},"type":"if","locations":[{"start":{"line":661,"column":4},"end":{"line":663,"column":5}},{"start":{},"end":{}}]},"56":{"loc":{"start":{"line":673,"column":0},"end":{"line":677,"column":1}},"type":"if","locations":[{"start":{"line":673,"column":0},"end":{"line":677,"column":1}},{"start":{},"end":{}}]},"57":{"loc":{"start":{"line":681,"column":2},"end":{"line":683,"column":3}},"type":"if","locations":[{"start":{"line":681,"column":2},"end":{"line":683,"column":3}},{"start":{},"end":{}}]},"58":{"loc":{"start":{"line":684,"column":2},"end":{"line":688,"column":3}},"type":"if","locations":[{"start":{"line":684,"column":2},"end":{"line":688,"column":3}},{"start":{},"end":{}}]}},"s":{"0":2,"1":2,"2":2,"3":2,"4":2,"5":2,"6":2,"7":2,"8":2,"9":2,"10":2,"11":2,"12":2,"13":0,"14":0,"15":0,"16":2,"17":2,"18":714,"19":0,"20":714,"21":0,"22":714,"23":0,"24":714,"25":0,"26":714,"27":2,"28":0,"29":0,"30":0,"31":2,"32":2,"33":2,"34":2,"35":2,"36":2,"37":721,"38":276,"39":721,"40":2,"41":721,"42":0,"43":0,"44":721,"45":2,"46":2,"47":4,"48":2,"49":2,"50":2,"51":584,"52":0,"53":2,"54":2,"55":584,"56":584,"57":584,"58":584,"59":584,"60":2,"61":2,"62":2,"63":2,"64":2,"65":2,"66":2,"67":0,"68":2,"69":2,"70":2,"71":0,"72":0,"73":0,"74":0,"75":2,"76":4,"77":4,"78":4,"79":4,"80":0,"81":2,"82":4,"83":4,"84":4,"85":4,"86":1428,"87":4,"88":1428,"89":4,"90":2,"91":588,"92":588,"93":588,"94":588,"95":0,"96":0,"97":2,"98":588,"99":588,"100":588,"101":2340,"102":4,"103":584,"104":2,"105":2,"106":2,"107":2,"108":584,"109":584,"110":584,"111":0,"112":0,"113":0,"114":0,"115":0,"116":0,"117":0,"118":0,"119":0,"120":0,"121":584,"122":0,"123":0,"124":0,"125":0,"126":584,"127":584,"128":584,"129":584,"130":0,"131":0,"132":584,"133":584,"134":584,"135":584,"136":0,"137":584,"138":0,"139":0,"140":0,"141":0,"142":0,"143":0,"144":0,"145":0,"146":2,"147":68,"148":68,"149":0,"150":0,"151":2,"152":588,"153":2,"154":584,"155":584,"156":584,"157":584,"158":584,"159":584,"160":2,"161":732,"162":2,"163":4,"164":2,"165":68,"166":68,"167":64,"168":330,"169":64,"170":2,"171":2,"172":2,"173":2,"174":2,"175":0,"176":0,"177":0,"178":4,"179":4,"180":4,"181":2,"182":2,"183":2,"184":2,"185":0,"186":0,"187":0,"188":0,"189":2,"190":4,"191":4,"192":4,"193":4,"194":130,"195":130,"196":130,"197":130,"198":130,"199":0,"200":0,"201":0,"202":0,"203":130,"204":130,"205":130,"206":0,"207":130,"208":0,"209":0,"210":0,"211":0,"212":2,"213":4,"214":2,"215":2,"216":2,"217":0,"218":0,"219":0,"220":0,"221":0,"222":0,"223":0,"224":0,"225":0,"226":0,"227":0,"228":0,"229":0,"230":0,"231":0,"232":0,"233":0,"234":2,"235":2,"236":0,"237":0,"238":2,"239":0,"240":0,"241":0,"242":0,"243":2},"f":{"0":0,"1":0,"2":714,"3":0,"4":721,"5":721,"6":0,"7":4,"8":2,"9":584,"10":584,"11":2,"12":4,"13":4,"14":1428,"15":1428,"16":588,"17":588,"18":584,"19":584,"20":0,"21":68,"22":588,"23":732,"24":4,"25":330,"26":4,"27":0,"28":0,"29":0,"30":0,"31":0,"32":0,"33":0,"34":0,"35":0},"b":{"0":[0,0],"1":[0,714],"2":[0,714],"3":[714,0],"4":[0,714],"5":[0,714],"6":[714,0],"7":[0,0],"8":[276,445],"9":[2,2],"10":[2,0],"11":[0,584],"12":[0,2],"13":[0,2],"14":[0,0],"15":[4,0],"16":[0,4],"17":[588,0],"18":[588,588,588,588,588],"19":[4,2336],"20":[0,584],"21":[0,0],"22":[0,0],"23":[0,584],"24":[0,0],"25":[0,584],"26":[584,0],"27":[0,584],"28":[584,584],"29":[0,0],"30":[0,0],"31":[588,586],"32":[584,0],"33":[584,0],"34":[2,0],"35":[732,726,76,72,70],"36":[64,4],"37":[0,0],"38":[2,0],"39":[0,0],"40":[4,0],"41":[4,0],"42":[130,0],"43":[130,130],"44":[130,0],"45":[0,130],"46":[130,0],"47":[0,0],"48":[0,130],"49":[0,130],"50":[0,0],"51":[0,0],"52":[0,0],"53":[0,0],"54":[0,0],"55":[0,0],"56":[0,2],"57":[0,0],"58":[0,0]}}
,"/Users/mikl/Dropbox/dev/eslint-plugin-disable-autofix/src/utils/cache.ts": {"path":"/Users/mikl/Dropbox/dev/eslint-plugin-disable-autofix/src/utils/cache.ts","statementMap":{"0":{"start":{"line":1,"column":0},"end":{"line":1,"column":25}},"1":{"start":{"line":2,"column":0},"end":{"line":2,"column":29}},"2":{"start":{"line":3,"column":0},"end":{"line":3,"column":25}},"3":{"start":{"line":4,"column":0},"end":{"line":4,"column":41}},"4":{"start":{"line":8,"column":0},"end":{"line":8,"column":34}},"5":{"start":{"line":37,"column":2},"end":{"line":64,"column":4}},"6":{"start":{"line":59,"column":10},"end":{"line":59,"column":64}},"7":{"start":{"line":76,"column":10},"end":{"line":76,"column":24}},"8":{"start":{"line":85,"column":4},"end":{"line":85,"column":27}},"9":{"start":{"line":86,"column":4},"end":{"line":86,"column":33}},"10":{"start":{"line":87,"column":4},"end":{"line":87,"column":39}},"11":{"start":{"line":89,"column":4},"end":{"line":89,"column":78}},"12":{"start":{"line":90,"column":4},"end":{"line":90,"column":65}},"13":{"start":{"line":91,"column":4},"end":{"line":91,"column":22}},"14":{"start":{"line":98,"column":4},"end":{"line":137,"column":5}},"15":{"start":{"line":99,"column":6},"end":{"line":102,"column":7}},"16":{"start":{"line":100,"column":8},"end":{"line":100,"column":57}},"17":{"start":{"line":101,"column":8},"end":{"line":101,"column":15}},"18":{"start":{"line":104,"column":6},"end":{"line":130,"column":7}},"19":{"start":{"line":105,"column":24},"end":{"line":105,"column":63}},"20":{"start":{"line":106,"column":26},"end":{"line":106,"column":null}},"21":{"start":{"line":112,"column":20},"end":{"line":112,"column":30}},"22":{"start":{"line":113,"column":27},"end":{"line":113,"column":28}},"23":{"start":{"line":114,"column":29},"end":{"line":114,"column":30}},"24":{"start":{"line":116,"column":8},"end":{"line":125,"column":11}},"25":{"start":{"line":118,"column":10},"end":{"line":121,"column":11}},"26":{"start":{"line":119,"column":12},"end":{"line":119,"column":29}},"27":{"start":{"line":120,"column":12},"end":{"line":120,"column":19}},"28":{"start":{"line":123,"column":10},"end":{"line":123,"column":37}},"29":{"start":{"line":124,"column":10},"end":{"line":124,"column":25}},"30":{"start":{"line":127,"column":8},"end":{"line":129,"column":10}},"31":{"start":{"line":132,"column":6},"end":{"line":134,"column":8}},"32":{"start":{"line":136,"column":6},"end":{"line":136,"column":25}},"33":{"start":{"line":146,"column":21},"end":{"line":146,"column":42}},"34":{"start":{"line":149,"column":4},"end":{"line":151,"column":5}},"35":{"start":{"line":150,"column":6},"end":{"line":150,"column":52}},"36":{"start":{"line":154,"column":4},"end":{"line":154,"column":16}},"37":{"start":{"line":163,"column":21},"end":{"line":163,"column":42}},"38":{"start":{"line":166,"column":4},"end":{"line":166,"column":41}},"39":{"start":{"line":169,"column":4},"end":{"line":169,"column":50}},"40":{"start":{"line":170,"column":4},"end":{"line":170,"column":22}},"41":{"start":{"line":179,"column":21},"end":{"line":179,"column":42}},"42":{"start":{"line":180,"column":4},"end":{"line":180,"column":70}},"43":{"start":{"line":189,"column":4},"end":{"line":189,"column":60}},"44":{"start":{"line":196,"column":4},"end":{"line":198,"column":5}},"45":{"start":{"line":197,"column":6},"end":{"line":197,"column":13}},"46":{"start":{"line":200,"column":4},"end":{"line":218,"column":5}},"47":{"start":{"line":201,"column":63},"end":{"line":201,"column":65}},"48":{"start":{"line":202,"column":6},"end":{"line":204,"column":9}},"49":{"start":{"line":203,"column":8},"end":{"line":203,"column":31}},"50":{"start":{"line":206,"column":6},"end":{"line":208,"column":7}},"51":{"start":{"line":207,"column":8},"end":{"line":207,"column":57}},"52":{"start":{"line":210,"column":6},"end":{"line":210,"column":75}},"53":{"start":{"line":211,"column":6},"end":{"line":211,"column":25}},"54":{"start":{"line":212,"column":6},"end":{"line":212,"column":62}},"55":{"start":{"line":214,"column":6},"end":{"line":217,"column":8}},"56":{"start":{"line":225,"column":4},"end":{"line":225,"column":23}},"57":{"start":{"line":226,"column":4},"end":{"line":226,"column":29}},"58":{"start":{"line":227,"column":4},"end":{"line":227,"column":22}},"59":{"start":{"line":229,"column":4},"end":{"line":239,"column":5}},"60":{"start":{"line":230,"column":6},"end":{"line":233,"column":7}},"61":{"start":{"line":231,"column":8},"end":{"line":231,"column":38}},"62":{"start":{"line":232,"column":8},"end":{"line":232,"column":43}},"63":{"start":{"line":235,"column":6},"end":{"line":238,"column":8}},"64":{"start":{"line":250,"column":4},"end":{"line":254,"column":6}},"65":{"start":{"line":71,"column":0},"end":{"line":71,"column":13}}},"fnMap":{"0":{"name":"serializeRule","decl":{"start":{"line":36,"column":9},"end":{"line":36,"column":22}},"loc":{"start":{"line":36,"column":44},"end":{"line":65,"column":1}}},"1":{"name":"(anonymous_2)","decl":{"start":{"line":58,"column":29},"end":{"line":58,"column":30}},"loc":{"start":{"line":59,"column":10},"end":{"line":59,"column":64}}},"2":{"name":"(anonymous_3)","decl":{"start":{"line":84,"column":2},"end":{"line":84,"column":14}},"loc":{"start":{"line":84,"column":40},"end":{"line":92,"column":3}}},"3":{"name":"(anonymous_4)","decl":{"start":{"line":97,"column":10},"end":{"line":97,"column":20}},"loc":{"start":{"line":97,"column":20},"end":{"line":138,"column":3}}},"4":{"name":"(anonymous_5)","decl":{"start":{"line":116,"column":42},"end":{"line":116,"column":43}},"loc":{"start":{"line":116,"column":59},"end":{"line":125,"column":9}}},"5":{"name":"(anonymous_6)","decl":{"start":{"line":145,"column":2},"end":{"line":145,"column":5}},"loc":{"start":{"line":145,"column":17},"end":{"line":155,"column":3}}},"6":{"name":"(anonymous_7)","decl":{"start":{"line":162,"column":2},"end":{"line":162,"column":5}},"loc":{"start":{"line":162,"column":40},"end":{"line":171,"column":3}}},"7":{"name":"(anonymous_8)","decl":{"start":{"line":178,"column":2},"end":{"line":178,"column":5}},"loc":{"start":{"line":178,"column":17},"end":{"line":181,"column":3}}},"8":{"name":"(anonymous_9)","decl":{"start":{"line":188,"column":10},"end":{"line":188,"column":21}},"loc":{"start":{"line":188,"column":38},"end":{"line":190,"column":3}}},"9":{"name":"(anonymous_10)","decl":{"start":{"line":195,"column":2},"end":{"line":195,"column":6}},"loc":{"start":{"line":195,"column":6},"end":{"line":219,"column":3}}},"10":{"name":"(anonymous_11)","decl":{"start":{"line":202,"column":25},"end":{"line":202,"column":26}},"loc":{"start":{"line":202,"column":40},"end":{"line":204,"column":7}}},"11":{"name":"(anonymous_12)","decl":{"start":{"line":224,"column":9},"end":{"line":224,"column":14}},"loc":{"start":{"line":224,"column":14},"end":{"line":240,"column":3}}},"12":{"name":"(anonymous_13)","decl":{"start":{"line":245,"column":9},"end":{"line":245,"column":17}},"loc":{"start":{"line":245,"column":17},"end":{"line":255,"column":3}}}},"branchMap":{"0":{"loc":{"start":{"line":38,"column":10},"end":{"line":54,"column":17}},"type":"cond-expr","locations":[{"start":{"line":39,"column":8},"end":{"line":53,"column":null}},{"start":{"line":54,"column":8},"end":{"line":54,"column":17}}]},"1":{"loc":{"start":{"line":45,"column":12},"end":{"line":51,"column":27}},"type":"cond-expr","locations":[{"start":{"line":46,"column":16},"end":{"line":46,"column":36}},{"start":{"line":47,"column":16},"end":{"line":51,"column":27}}]},"2":{"loc":{"start":{"line":47,"column":16},"end":{"line":51,"column":27}},"type":"cond-expr","locations":[{"start":{"line":48,"column":18},"end":{"line":50,"column":null}},{"start":{"line":51,"column":18},"end":{"line":51,"column":27}}]},"3":{"loc":{"start":{"line":49,"column":33},"end":{"line":49,"column":79}},"type":"binary-expr","locations":[{"start":{"line":49,"column":33},"end":{"line":49,"column":73}},{"start":{"line":49,"column":77},"end":{"line":49,"column":79}}]},"4":{"loc":{"start":{"line":59,"column":10},"end":{"line":59,"column":64}},"type":"cond-expr","locations":[{"start":{"line":59,"column":40},"end":{"line":59,"column":56}},{"start":{"line":59,"column":59},"end":{"line":59,"column":64}}]},"5":{"loc":{"start":{"line":87,"column":15},"end":{"line":87,"column":38}},"type":"binary-expr","locations":[{"start":{"line":87,"column":15},"end":{"line":87,"column":27}},{"start":{"line":87,"column":31},"end":{"line":87,"column":38}}]},"6":{"loc":{"start":{"line":99,"column":6},"end":{"line":102,"column":7}},"type":"if","locations":[{"start":{"line":99,"column":6},"end":{"line":102,"column":7}},{"start":{},"end":{}}]},"7":{"loc":{"start":{"line":104,"column":6},"end":{"line":130,"column":7}},"type":"if","locations":[{"start":{"line":104,"column":6},"end":{"line":130,"column":7}},{"start":{},"end":{}}]},"8":{"loc":{"start":{"line":118,"column":10},"end":{"line":121,"column":11}},"type":"if","locations":[{"start":{"line":118,"column":10},"end":{"line":121,"column":11}},{"start":{},"end":{}}]},"9":{"loc":{"start":{"line":133,"column":39},"end":{"line":133,"column":93}},"type":"cond-expr","locations":[{"start":{"line":133,"column":64},"end":{"line":133,"column":77}},{"start":{"line":133,"column":80},"end":{"line":133,"column":93}}]},"10":{"loc":{"start":{"line":149,"column":4},"end":{"line":151,"column":5}},"type":"if","locations":[{"start":{"line":149,"column":4},"end":{"line":151,"column":5}},{"start":{},"end":{}}]},"11":{"loc":{"start":{"line":150,"column":13},"end":{"line":150,"column":51}},"type":"binary-expr","locations":[{"start":{"line":150,"column":13},"end":{"line":150,"column":43}},{"start":{"line":150,"column":47},"end":{"line":150,"column":51}}]},"12":{"loc":{"start":{"line":180,"column":11},"end":{"line":180,"column":69}},"type":"binary-expr","locations":[{"start":{"line":180,"column":11},"end":{"line":180,"column":41}},{"start":{"line":180,"column":45},"end":{"line":180,"column":69}}]},"13":{"loc":{"start":{"line":196,"column":4},"end":{"line":198,"column":5}},"type":"if","locations":[{"start":{"line":196,"column":4},"end":{"line":198,"column":5}},{"start":{},"end":{}}]},"14":{"loc":{"start":{"line":206,"column":6},"end":{"line":208,"column":7}},"type":"if","locations":[{"start":{"line":206,"column":6},"end":{"line":208,"column":7}},{"start":{},"end":{}}]},"15":{"loc":{"start":{"line":216,"column":8},"end":{"line":216,"column":62}},"type":"cond-expr","locations":[{"start":{"line":216,"column":33},"end":{"line":216,"column":46}},{"start":{"line":216,"column":49},"end":{"line":216,"column":62}}]},"16":{"loc":{"start":{"line":230,"column":6},"end":{"line":233,"column":7}},"type":"if","locations":[{"start":{"line":230,"column":6},"end":{"line":233,"column":7}},{"start":{},"end":{}}]},"17":{"loc":{"start":{"line":237,"column":8},"end":{"line":237,"column":62}},"type":"cond-expr","locations":[{"start":{"line":237,"column":33},"end":{"line":237,"column":46}},{"start":{"line":237,"column":49},"end":{"line":237,"column":62}}]}},"s":{"0":2,"1":2,"2":2,"3":2,"4":2,"5":0,"6":0,"7":2,"8":2,"9":2,"10":2,"11":2,"12":2,"13":2,"14":2,"15":2,"16":0,"17":0,"18":2,"19":0,"20":0,"21":0,"22":0,"23":0,"24":0,"25":0,"26":0,"27":0,"28":0,"29":0,"30":0,"31":0,"32":0,"33":0,"34":0,"35":0,"36":0,"37":0,"38":0,"39":0,"40":0,"41":0,"42":0,"43":0,"44":0,"45":0,"46":0,"47":0,"48":0,"49":0,"50":0,"51":0,"52":0,"53":0,"54":0,"55":0,"56":0,"57":0,"58":0,"59":0,"60":0,"61":0,"62":0,"63":0,"64":0,"65":2},"f":{"0":0,"1":0,"2":2,"3":2,"4":0,"5":0,"6":0,"7":0,"8":0,"9":0,"10":0,"11":0,"12":0},"b":{"0":[0,0],"1":[0,0],"2":[0,0],"3":[0,0],"4":[0,0],"5":[2,2],"6":[0,2],"7":[0,2],"8":[0,0],"9":[0,0],"10":[0,0],"11":[0,0],"12":[0,0],"13":[0,0],"14":[0,0],"15":[0,0],"16":[0,0],"17":[0,0]}}
,"/Users/mikl/Dropbox/dev/eslint-plugin-disable-autofix/src/utils/logger.ts": {"path":"/Users/mikl/Dropbox/dev/eslint-plugin-disable-autofix/src/utils/logger.ts","statementMap":{"0":{"start":{"line":79,"column":0},"end":{"line":79,"column":16}},"1":{"start":{"line":91,"column":0},"end":{"line":91,"column":16}},"2":{"start":{"line":98,"column":0},"end":{"line":98,"column":16}},"3":{"start":{"line":6,"column":15},"end":{"line":6,"column":48}},"4":{"start":{"line":36,"column":13},"end":{"line":72,"column":2}},"5":{"start":{"line":42,"column":4},"end":{"line":44,"column":5}},"6":{"start":{"line":43,"column":6},"end":{"line":43,"column":42}},"7":{"start":{"line":53,"column":4},"end":{"line":53,"column":54}},"8":{"start":{"line":62,"column":4},"end":{"line":62,"column":55}},"9":{"start":{"line":70,"column":4},"end":{"line":70,"column":41}},"10":{"start":{"line":80,"column":2},"end":{"line":85,"column":4}},"11":{"start":{"line":81,"column":32},"end":{"line":81,"column":71}},"12":{"start":{"line":82,"column":48},"end":{"line":82,"column":93}},"13":{"start":{"line":83,"column":49},"end":{"line":83,"column":95}},"14":{"start":{"line":84,"column":31},"end":{"line":84,"column":69}},"15":{"start":{"line":92,"column":2},"end":{"line":92,"column":26}},"16":{"start":{"line":99,"column":2},"end":{"line":99,"column":27}}},"fnMap":{"0":{"name":"(anonymous_0)","decl":{"start":{"line":41,"column":2},"end":{"line":41,"column":7}},"loc":{"start":{"line":41,"column":23},"end":{"line":45,"column":3}}},"1":{"name":"(anonymous_1)","decl":{"start":{"line":52,"column":2},"end":{"line":52,"column":6}},"loc":{"start":{"line":52,"column":39},"end":{"line":54,"column":3}}},"2":{"name":"(anonymous_2)","decl":{"start":{"line":61,"column":2},"end":{"line":61,"column":7}},"loc":{"start":{"line":61,"column":40},"end":{"line":63,"column":3}}},"3":{"name":"(anonymous_3)","decl":{"start":{"line":69,"column":2},"end":{"line":69,"column":6}},"loc":{"start":{"line":69,"column":22},"end":{"line":71,"column":3}}},"4":{"name":"createScopedLogger","decl":{"start":{"line":79,"column":16},"end":{"line":79,"column":34}},"loc":{"start":{"line":79,"column":50},"end":{"line":86,"column":1}}},"5":{"name":"(anonymous_5)","decl":{"start":{"line":81,"column":11},"end":{"line":81,"column":12}},"loc":{"start":{"line":81,"column":32},"end":{"line":81,"column":71}}},"6":{"name":"(anonymous_6)","decl":{"start":{"line":82,"column":10},"end":{"line":82,"column":11}},"loc":{"start":{"line":82,"column":48},"end":{"line":82,"column":93}}},"7":{"name":"(anonymous_7)","decl":{"start":{"line":83,"column":11},"end":{"line":83,"column":12}},"loc":{"start":{"line":83,"column":49},"end":{"line":83,"column":95}}},"8":{"name":"(anonymous_8)","decl":{"start":{"line":84,"column":10},"end":{"line":84,"column":11}},"loc":{"start":{"line":84,"column":31},"end":{"line":84,"column":69}}},"9":{"name":"enableDebugMode","decl":{"start":{"line":91,"column":16},"end":{"line":91,"column":31}},"loc":{"start":{"line":91,"column":31},"end":{"line":93,"column":1}}},"10":{"name":"disableDebugMode","decl":{"start":{"line":98,"column":16},"end":{"line":98,"column":32}},"loc":{"start":{"line":98,"column":32},"end":{"line":100,"column":1}}}},"branchMap":{"0":{"loc":{"start":{"line":42,"column":4},"end":{"line":44,"column":5}},"type":"if","locations":[{"start":{"line":42,"column":4},"end":{"line":44,"column":5}},{"start":{},"end":{}}]},"1":{"loc":{"start":{"line":53,"column":41},"end":{"line":53,"column":52}},"type":"binary-expr","locations":[{"start":{"line":53,"column":41},"end":{"line":53,"column":46}},{"start":{"line":53,"column":50},"end":{"line":53,"column":52}}]},"2":{"loc":{"start":{"line":62,"column":42},"end":{"line":62,"column":53}},"type":"binary-expr","locations":[{"start":{"line":62,"column":42},"end":{"line":62,"column":47}},{"start":{"line":62,"column":51},"end":{"line":62,"column":53}}]}},"s":{"0":2,"1":2,"2":2,"3":2,"4":2,"5":0,"6":0,"7":0,"8":0,"9":0,"10":0,"11":0,"12":0,"13":0,"14":0,"15":0,"16":0},"f":{"0":0,"1":0,"2":0,"3":0,"4":0,"5":0,"6":0,"7":0,"8":0,"9":0,"10":0},"b":{"0":[0,0],"1":[0,0],"2":[0,0]}}
,"/Users/mikl/Dropbox/dev/eslint-plugin-disable-autofix/src/utils/stats.ts": {"path":"/Users/mikl/Dropbox/dev/eslint-plugin-disable-autofix/src/utils/stats.ts","statementMap":{"0":{"start":{"line":302,"column":0},"end":{"line":302,"column":16}},"1":{"start":{"line":1,"column":0},"end":{"line":1,"column":46}},"2":{"start":{"line":2,"column":0},"end":{"line":2,"column":34}},"3":{"start":{"line":95,"column":10},"end":{"line":95,"column":54}},"4":{"start":{"line":102,"column":4},"end":{"line":107,"column":6}},"5":{"start":{"line":109,"column":4},"end":{"line":117,"column":6}},"6":{"start":{"line":120,"column":4},"end":{"line":124,"column":5}},"7":{"start":{"line":121,"column":6},"end":{"line":123,"column":35}},"8":{"start":{"line":122,"column":8},"end":{"line":122,"column":24}},"9":{"start":{"line":131,"column":4},"end":{"line":134,"column":5}},"10":{"start":{"line":132,"column":6},"end":{"line":132,"column":40}},"11":{"start":{"line":133,"column":6},"end":{"line":133,"column":32}},"12":{"start":{"line":143,"column":4},"end":{"line":143,"column":28}},"13":{"start":{"line":145,"column":22},"end":{"line":153,"column":6}},"14":{"start":{"line":155,"column":4},"end":{"line":155,"column":22}},"15":{"start":{"line":156,"column":4},"end":{"line":156,"column":41}},"16":{"start":{"line":158,"column":4},"end":{"line":162,"column":5}},"17":{"start":{"line":159,"column":6},"end":{"line":159,"column":49}},"18":{"start":{"line":160,"column":6},"end":{"line":160,"column":79}},"19":{"start":{"line":161,"column":6},"end":{"line":161,"column":55}},"20":{"start":{"line":164,"column":4},"end":{"line":164,"column":53}},"21":{"start":{"line":172,"column":4},"end":{"line":172,"column":41}},"22":{"start":{"line":172,"column":34},"end":{"line":172,"column":41}},"23":{"start":{"line":174,"column":4},"end":{"line":174,"column":27}},"24":{"start":{"line":176,"column":22},"end":{"line":176,"column":59}},"25":{"start":{"line":177,"column":4},"end":{"line":179,"column":5}},"26":{"start":{"line":178,"column":6},"end":{"line":178,"column":28}},"27":{"start":{"line":187,"column":4},"end":{"line":187,"column":41}},"28":{"start":{"line":187,"column":34},"end":{"line":187,"column":41}},"29":{"start":{"line":189,"column":4},"end":{"line":189,"column":31}},"30":{"start":{"line":191,"column":22},"end":{"line":191,"column":59}},"31":{"start":{"line":192,"column":4},"end":{"line":194,"column":5}},"32":{"start":{"line":193,"column":6},"end":{"line":193,"column":27}},"33":{"start":{"line":202,"column":4},"end":{"line":202,"column":69}},"34":{"start":{"line":204,"column":22},"end":{"line":204,"column":59}},"35":{"start":{"line":205,"column":4},"end":{"line":207,"column":5}},"36":{"start":{"line":206,"column":6},"end":{"line":206,"column":25}},"37":{"start":{"line":214,"column":20},"end":{"line":214,"column":37}},"38":{"start":{"line":215,"column":4},"end":{"line":222,"column":3}},"39":{"start":{"line":229,"column":4},"end":{"line":229,"column":30}},"40":{"start":{"line":230,"column":4},"end":{"line":230,"column":38}},"41":{"start":{"line":231,"column":4},"end":{"line":231,"column":27}},"42":{"start":{"line":232,"column":4},"end":{"line":232,"column":39}},"43":{"start":{"line":233,"column":4},"end":{"line":233,"column":38}},"44":{"start":{"line":234,"column":4},"end":{"line":234,"column":29}},"45":{"start":{"line":235,"column":4},"end":{"line":235,"column":33}},"46":{"start":{"line":242,"column":16},"end":{"line":242,"column":26}},"47":{"start":{"line":243,"column":4},"end":{"line":254,"column":6}},"48":{"start":{"line":261,"column":27},"end":{"line":265,"column":9}},"49":{"start":{"line":262,"column":33},"end":{"line":265,"column":8}},"50":{"start":{"line":267,"column":21},"end":{"line":269,"column":19}},"51":{"start":{"line":268,"column":22},"end":{"line":268,"column":39}},"52":{"start":{"line":271,"column":25},"end":{"line":274,"column":19}},"53":{"start":{"line":272,"column":22},"end":{"line":272,"column":45}},"54":{"start":{"line":273,"column":22},"end":{"line":273,"column":57}},"55":{"start":{"line":276,"column":23},"end":{"line":279,"column":19}},"56":{"start":{"line":277,"column":22},"end":{"line":277,"column":37}},"57":{"start":{"line":278,"column":22},"end":{"line":278,"column":41}},"58":{"start":{"line":281,"column":22},"end":{"line":284,"column":19}},"59":{"start":{"line":282,"column":22},"end":{"line":282,"column":39}},"60":{"start":{"line":283,"column":22},"end":{"line":283,"column":45}},"61":{"start":{"line":286,"column":4},"end":{"line":292,"column":6}},"62":{"start":{"line":83,"column":0},"end":{"line":83,"column":13}},"63":{"start":{"line":303,"column":2},"end":{"line":305,"column":3}},"64":{"start":{"line":304,"column":4},"end":{"line":304,"column":16}},"65":{"start":{"line":307,"column":16},"end":{"line":307,"column":33}},"66":{"start":{"line":308,"column":17},"end":{"line":308,"column":21}},"67":{"start":{"line":309,"column":14},"end":{"line":309,"column":31}},"68":{"start":{"line":310,"column":19},"end":{"line":310,"column":30}},"69":{"start":{"line":312,"column":2},"end":{"line":312,"column":53}},"70":{"start":{"line":313,"column":2},"end":{"line":313,"column":16}}},"fnMap":{"0":{"name":"(anonymous_0)","decl":{"start":{"line":101,"column":2},"end":{"line":101,"column":14}},"loc":{"start":{"line":101,"column":40},"end":{"line":125,"column":3}}},"1":{"name":"(anonymous_1)","decl":{"start":{"line":121,"column":39},"end":{"line":121,"column":42}},"loc":{"start":{"line":121,"column":44},"end":{"line":123,"column":7}}},"2":{"name":"(anonymous_2)","decl":{"start":{"line":130,"column":2},"end":{"line":130,"column":9}},"loc":{"start":{"line":130,"column":9},"end":{"line":135,"column":3}}},"3":{"name":"(anonymous_3)","decl":{"start":{"line":142,"column":2},"end":{"line":142,"column":11}},"loc":{"start":{"line":142,"column":51},"end":{"line":165,"column":3}}},"4":{"name":"(anonymous_4)","decl":{"start":{"line":171,"column":2},"end":{"line":171,"column":15}},"loc":{"start":{"line":171,"column":30},"end":{"line":180,"column":3}}},"5":{"name":"(anonymous_5)","decl":{"start":{"line":186,"column":2},"end":{"line":186,"column":18}},"loc":{"start":{"line":186,"column":33},"end":{"line":195,"column":3}}},"6":{"name":"(anonymous_6)","decl":{"start":{"line":201,"column":2},"end":{"line":201,"column":12}},"loc":{"start":{"line":201,"column":27},"end":{"line":208,"column":3}}},"7":{"name":"(anonymous_7)","decl":{"start":{"line":213,"column":2},"end":{"line":213,"column":10}},"loc":{"start":{"line":213,"column":10},"end":{"line":223,"column":3}}},"8":{"name":"(anonymous_8)","decl":{"start":{"line":228,"column":2},"end":{"line":228,"column":7}},"loc":{"start":{"line":228,"column":7},"end":{"line":236,"column":3}}},"9":{"name":"(anonymous_9)","decl":{"start":{"line":241,"column":2},"end":{"line":241,"column":12}},"loc":{"start":{"line":241,"column":12},"end":{"line":255,"column":3}}},"10":{"name":"(anonymous_10)","decl":{"start":{"line":260,"column":2},"end":{"line":260,"column":10}},"loc":{"start":{"line":260,"column":10},"end":{"line":293,"column":3}}},"11":{"name":"(anonymous_11)","decl":{"start":{"line":262,"column":11},"end":{"line":262,"column":12}},"loc":{"start":{"line":262,"column":33},"end":{"line":265,"column":8}}},"12":{"name":"(anonymous_12)","decl":{"start":{"line":268,"column":12},"end":{"line":268,"column":13}},"loc":{"start":{"line":268,"column":22},"end":{"line":268,"column":39}}},"13":{"name":"(anonymous_13)","decl":{"start":{"line":272,"column":14},"end":{"line":272,"column":18}},"loc":{"start":{"line":272,"column":22},"end":{"line":272,"column":45}}},"14":{"name":"(anonymous_14)","decl":{"start":{"line":273,"column":12},"end":{"line":273,"column":13}},"loc":{"start":{"line":273,"column":22},"end":{"line":273,"column":57}}},"15":{"name":"(anonymous_15)","decl":{"start":{"line":277,"column":14},"end":{"line":277,"column":18}},"loc":{"start":{"line":277,"column":22},"end":{"line":277,"column":37}}},"16":{"name":"(anonymous_16)","decl":{"start":{"line":278,"column":12},"end":{"line":278,"column":13}},"loc":{"start":{"line":278,"column":22},"end":{"line":278,"column":41}}},"17":{"name":"(anonymous_17)","decl":{"start":{"line":282,"column":14},"end":{"line":282,"column":18}},"loc":{"start":{"line":282,"column":22},"end":{"line":282,"column":39}}},"18":{"name":"(anonymous_18)","decl":{"start":{"line":283,"column":12},"end":{"line":283,"column":13}},"loc":{"start":{"line":283,"column":22},"end":{"line":283,"column":45}}},"19":{"name":"measurePerformance","decl":{"start":{"line":302,"column":16},"end":{"line":302,"column":34}},"loc":{"start":{"line":302,"column":64},"end":{"line":314,"column":1}}}},"branchMap":{"0":{"loc":{"start":{"line":101,"column":14},"end":{"line":101,"column":40}},"type":"default-arg","locations":[{"start":{"line":101,"column":38},"end":{"line":101,"column":40}}]},"1":{"loc":{"start":{"line":103,"column":19},"end":{"line":103,"column":46}},"type":"binary-expr","locations":[{"start":{"line":103,"column":19},"end":{"line":103,"column":38}},{"start":{"line":103,"column":42},"end":{"line":103,"column":46}}]},"2":{"loc":{"start":{"line":104,"column":18},"end":{"line":104,"column":44}},"type":"binary-expr","locations":[{"start":{"line":104,"column":18},"end":{"line":104,"column":36}},{"start":{"line":104,"column":40},"end":{"line":104,"column":44}}]},"3":{"loc":{"start":{"line":105,"column":18},"end":{"line":105,"column":44}},"type":"binary-expr","locations":[{"start":{"line":105,"column":18},"end":{"line":105,"column":36}},{"start":{"line":105,"column":40},"end":{"line":105,"column":44}}]},"4":{"loc":{"start":{"line":106,"column":19},"end":{"line":106,"column":43}},"type":"binary-expr","locations":[{"start":{"line":106,"column":19},"end":{"line":106,"column":38}},{"start":{"line":106,"column":42},"end":{"line":106,"column":43}}]},"5":{"loc":{"start":{"line":120,"column":4},"end":{"line":124,"column":5}},"type":"if","locations":[{"start":{"line":120,"column":4},"end":{"line":124,"column":5}},{"start":{},"end":{}}]},"6":{"loc":{"start":{"line":131,"column":4},"end":{"line":134,"column":5}},"type":"if","locations":[{"start":{"line":131,"column":4},"end":{"line":134,"column":5}},{"start":{},"end":{}}]},"7":{"loc":{"start":{"line":145,"column":22},"end":{"line":153,"column":6}},"type":"binary-expr","locations":[{"start":{"line":145,"column":22},"end":{"line":145,"column":59}},{"start":{"line":145,"column":63},"end":{"line":153,"column":6}}]},"8":{"loc":{"start":{"line":158,"column":4},"end":{"line":162,"column":5}},"type":"if","locations":[{"start":{"line":158,"column":4},"end":{"line":162,"column":5}},{"start":{},"end":{}}]},"9":{"loc":{"start":{"line":158,"column":8},"end":{"line":158,"column":64}},"type":"binary-expr","locations":[{"start":{"line":158,"column":8},"end":{"line":158,"column":32}},{"start":{"line":158,"column":36},"end":{"line":158,"column":64}}]},"10":{"loc":{"start":{"line":172,"column":4},"end":{"line":172,"column":41}},"type":"if","locations":[{"start":{"line":172,"column":4},"end":{"line":172,"column":41}},{"start":{},"end":{}}]},"11":{"loc":{"start":{"line":177,"column":4},"end":{"line":179,"column":5}},"type":"if","locations":[{"start":{"line":177,"column":4},"end":{"line":179,"column":5}},{"start":{},"end":{}}]},"12":{"loc":{"start":{"line":187,"column":4},"end":{"line":187,"column":41}},"type":"if","locations":[{"start":{"line":187,"column":4},"end":{"line":187,"column":41}},{"start":{},"end":{}}]},"13":{"loc":{"start":{"line":192,"column":4},"end":{"line":194,"column":5}},"type":"if","locations":[{"start":{"line":192,"column":4},"end":{"line":194,"column":5}},{"start":{},"end":{}}]},"14":{"loc":{"start":{"line":202,"column":33},"end":{"line":202,"column":63}},"type":"binary-expr","locations":[{"start":{"line":202,"column":33},"end":{"line":202,"column":58}},{"start":{"line":202,"column":62},"end":{"line":202,"column":63}}]},"15":{"loc":{"start":{"line":205,"column":4},"end":{"line":207,"column":5}},"type":"if","locations":[{"start":{"line":205,"column":4},"end":{"line":207,"column":5}},{"start":{},"end":{}}]},"16":{"loc":{"start":{"line":250,"column":20},"end":{"line":250,"column":106}},"type":"cond-expr","locations":[{"start":{"line":250,"column":50},"end":{"line":250,"column":51}},{"start":{"line":250,"column":54},"end":{"line":250,"column":106}}]},"17":{"loc":{"start":{"line":303,"column":2},"end":{"line":305,"column":3}},"type":"if","locations":[{"start":{"line":303,"column":2},"end":{"line":305,"column":3}},{"start":{},"end":{}}]}},"s":{"0":2,"1":2,"2":2,"3":2,"4":2,"5":2,"6":2,"7":0,"8":0,"9":0,"10":0,"11":0,"12":0,"13":0,"14":0,"15":0,"16":0,"17":0,"18":0,"19":0,"20":0,"21":0,"22":0,"23":0,"24":0,"25":0,"26":0,"27":0,"28":0,"29":0,"30":0,"31":0,"32":0,"33":0,"34":0,"35":0,"36":0,"37":0,"38":0,"39":0,"40":0,"41":0,"42":0,"43":0,"44":0,"45":0,"46":0,"47":0,"48":0,"49":0,"50":0,"51":0,"52":0,"53":0,"54":0,"55":0,"56":0,"57":0,"58":0,"59":0,"60":0,"61":0,"62":2,"63":0,"64":0,"65":0,"66":0,"67":0,"68":0,"69":0,"70":0},"f":{"0":2,"1":0,"2":0,"3":0,"4":0,"5":0,"6":0,"7":0,"8":0,"9":0,"10":0,"11":0,"12":0,"13":0,"14":0,"15":0,"16":0,"17":0,"18":0,"19":0},"b":{"0":[2],"1":[2,2],"2":[2,2],"3":[2,2],"4":[2,2],"5":[0,2],"6":[0,0],"7":[0,0],"8":[0,0],"9":[0,0],"10":[0,0],"11":[0,0],"12":[0,0],"13":[0,0],"14":[0,0],"15":[0,0],"16":[0,0],"17":[0,0]}}
,"/Users/mikl/Dropbox/dev/eslint-plugin-disable-autofix/src/utils/testing.ts": {"path":"/Users/mikl/Dropbox/dev/eslint-plugin-disable-autofix/src/utils/testing.ts","statementMap":{"0":{"start":{"line":21,"column":0},"end":{"line":21,"column":16}},"1":{"start":{"line":84,"column":0},"end":{"line":84,"column":16}},"2":{"start":{"line":117,"column":0},"end":{"line":117,"column":16}},"3":{"start":{"line":140,"column":0},"end":{"line":140,"column":16}},"4":{"start":{"line":162,"column":0},"end":{"line":162,"column":16}},"5":{"start":{"line":2,"column":0},"end":{"line":2,"column":22}},"6":{"start":{"line":3,"column":0},"end":{"line":3,"column":34}},"7":{"start":{"line":25,"column":2},"end":{"line":28,"column":3}},"8":{"start":{"line":27,"column":4},"end":{"line":27,"column":39}},"9":{"start":{"line":30,"column":2},"end":{"line":65,"column":3}},"10":{"start":{"line":31,"column":16},"end":{"line":34,"column":6}},"11":{"start":{"line":38,"column":4},"end":{"line":45,"column":5}},"12":{"start":{"line":39,"column":6},"end":{"line":42,"column":8}},"13":{"start":{"line":44,"column":6},"end":{"line":44,"column":59}},"14":{"start":{"line":47,"column":21},"end":{"line":47,"column":40}},"15":{"start":{"line":48,"column":20},"end":{"line":48,"column":38}},"16":{"start":{"line":50,"column":4},"end":{"line":58,"column":6}},"17":{"start":{"line":56,"column":14},"end":{"line":56,"column":77}},"18":{"start":{"line":60,"column":25},"end":{"line":60,"column":79}},"19":{"start":{"line":61,"column":4},"end":{"line":64,"column":6}},"20":{"start":{"line":74,"column":2},"end":{"line":74,"column":37}},"21":{"start":{"line":74,"column":28},"end":{"line":74,"column":37}},"22":{"start":{"line":75,"column":2},"end":{"line":75,"column":36}},"23":{"start":{"line":75,"column":27},"end":{"line":75,"column":36}},"24":{"start":{"line":76,"column":2},"end":{"line":76,"column":11}},"25":{"start":{"line":88,"column":2},"end":{"line":90,"column":3}},"26":{"start":{"line":89,"column":4},"end":{"line":89,"column":40}},"27":{"start":{"line":93,"column":2},"end":{"line":95,"column":3}},"28":{"start":{"line":94,"column":4},"end":{"line":94,"column":22}},"29":{"start":{"line":98,"column":2},"end":{"line":106,"column":3}},"30":{"start":{"line":99,"column":29},"end":{"line":99,"column":37}},"31":{"start":{"line":101,"column":4},"end":{"line":103,"column":5}},"32":{"start":{"line":102,"column":6},"end":{"line":102,"column":48}},"33":{"start":{"line":105,"column":4},"end":{"line":105,"column":28}},"34":{"start":{"line":109,"column":2},"end":{"line":109,"column":13}},"35":{"start":{"line":121,"column":24},"end":{"line":121,"column":34}},"36":{"start":{"line":121,"column":31},"end":{"line":121,"column":33}},"37":{"start":{"line":123,"column":2},"end":{"line":132,"column":4}},"38":{"start":{"line":143,"column":49},"end":{"line":143,"column":51}},"39":{"start":{"line":145,"column":2},"end":{"line":154,"column":3}},"40":{"start":{"line":146,"column":4},"end":{"line":153,"column":7}},"41":{"start":{"line":156,"column":2},"end":{"line":156,"column":19}},"42":{"start":{"line":168,"column":2},"end":{"line":189,"column":3}},"43":{"start":{"line":170,"column":22},"end":{"line":170,"column":52}},"44":{"start":{"line":171,"column":20},"end":{"line":171,"column":37}},"45":{"start":{"line":172,"column":20},"end":{"line":172,"column":38}},"46":{"start":{"line":173,"column":21},"end":{"line":173,"column":40}},"47":{"start":{"line":175,"column":4},"end":{"line":180,"column":6}},"48":{"start":{"line":182,"column":4},"end":{"line":182,"column":61}},"49":{"start":{"line":183,"column":4},"end":{"line":188,"column":6}}},"fnMap":{"0":{"name":"validateRuleConfig","decl":{"start":{"line":21,"column":16},"end":{"line":21,"column":34}},"loc":{"start":{"line":23,"column":17},"end":{"line":66,"column":1}}},"1":{"name":"(anonymous_2)","decl":{"start":{"line":55,"column":12},"end":{"line":55,"column":13}},"loc":{"start":{"line":56,"column":14},"end":{"line":56,"column":77}}},"2":{"name":"severityToNumber","decl":{"start":{"line":73,"column":9},"end":{"line":73,"column":25}},"loc":{"start":{"line":73,"column":42},"end":{"line":77,"column":1}}},"3":{"name":"normalizeRuleConfig","decl":{"start":{"line":84,"column":16},"end":{"line":84,"column":35}},"loc":{"start":{"line":85,"column":77},"end":{"line":110,"column":1}}},"4":{"name":"createMockRule","decl":{"start":{"line":117,"column":16},"end":{"line":117,"column":30}},"loc":{"start":{"line":120,"column":1},"end":{"line":133,"column":1}}},"5":{"name":"(anonymous_6)","decl":{"start":{"line":121,"column":24},"end":{"line":121,"column":27}},"loc":{"start":{"line":121,"column":31},"end":{"line":121,"column":33}}},"6":{"name":"createMockPlugin","decl":{"start":{"line":140,"column":16},"end":{"line":140,"column":32}},"loc":{"start":{"line":140,"column":52},"end":{"line":157,"column":1}}},"7":{"name":"getESLintVersionInfo","decl":{"start":{"line":162,"column":16},"end":{"line":162,"column":36}},"loc":{"start":{"line":162,"column":36},"end":{"line":190,"column":1}}}},"branchMap":{"0":{"loc":{"start":{"line":25,"column":2},"end":{"line":28,"column":3}},"type":"if","locations":[{"start":{"line":25,"column":2},"end":{"line":28,"column":3}},{"start":{},"end":{}}]},"1":{"loc":{"start":{"line":38,"column":4},"end":{"line":45,"column":5}},"type":"if","locations":[{"start":{"line":38,"column":4},"end":{"line":45,"column":5}},{"start":{"line":43,"column":11},"end":{"line":45,"column":5}}]},"2":{"loc":{"start":{"line":52,"column":14},"end":{"line":57,"column":18}},"type":"cond-expr","locations":[{"start":{"line":53,"column":10},"end":{"line":53,"column":12}},{"start":{"line":54,"column":11},"end":{"line":57,"column":17}}]},"3":{"loc":{"start":{"line":54,"column":11},"end":{"line":57,"column":17}},"type":"binary-expr","locations":[{"start":{"line":54,"column":11},"end":{"line":56,"column":null}},{"start":{"line":57,"column":15},"end":{"line":57,"column":17}}]},"4":{"loc":{"start":{"line":56,"column":18},"end":{"line":56,"column":44}},"type":"binary-expr","locations":[{"start":{"line":56,"column":18},"end":{"line":56,"column":38}},{"start":{"line":56,"column":42},"end":{"line":56,"column":44}}]},"5":{"loc":{"start":{"line":56,"column":48},"end":{"line":56,"column":75}},"type":"binary-expr","locations":[{"start":{"line":56,"column":48},"end":{"line":56,"column":59}},{"start":{"line":56,"column":63},"end":{"line":56,"column":75}}]},"6":{"loc":{"start":{"line":60,"column":25},"end":{"line":60,"column":79}},"type":"cond-expr","locations":[{"start":{"line":60,"column":50},"end":{"line":60,"column":63}},{"start":{"line":60,"column":66},"end":{"line":60,"column":79}}]},"7":{"loc":{"start":{"line":74,"column":2},"end":{"line":74,"column":37}},"type":"if","locations":[{"start":{"line":74,"column":2},"end":{"line":74,"column":37}},{"start":{},"end":{}}]},"8":{"loc":{"start":{"line":75,"column":2},"end":{"line":75,"column":36}},"type":"if","locations":[{"start":{"line":75,"column":2},"end":{"line":75,"column":36}},{"start":{},"end":{}}]},"9":{"loc":{"start":{"line":88,"column":2},"end":{"line":90,"column":3}},"type":"if","locations":[{"start":{"line":88,"column":2},"end":{"line":90,"column":3}},{"start":{},"end":{}}]},"10":{"loc":{"start":{"line":93,"column":2},"end":{"line":95,"column":3}},"type":"if","locations":[{"start":{"line":93,"column":2},"end":{"line":95,"column":3}},{"start":{},"end":{}}]},"11":{"loc":{"start":{"line":98,"column":2},"end":{"line":106,"column":3}},"type":"if","locations":[{"start":{"line":98,"column":2},"end":{"line":106,"column":3}},{"start":{},"end":{}}]},"12":{"loc":{"start":{"line":101,"column":4},"end":{"line":103,"column":5}},"type":"if","locations":[{"start":{"line":101,"column":4},"end":{"line":103,"column":5}},{"start":{},"end":{}}]},"13":{"loc":{"start":{"line":131,"column":12},"end":{"line":131,"column":43}},"type":"binary-expr","locations":[{"start":{"line":131,"column":12},"end":{"line":131,"column":26}},{"start":{"line":131,"column":30},"end":{"line":131,"column":43}}]}},"s":{"0":2,"1":2,"2":2,"3":2,"4":2,"5":2,"6":2,"7":0,"8":0,"9":0,"10":0,"11":0,"12":0,"13":0,"14":0,"15":0,"16":0,"17":0,"18":0,"19":0,"20":0,"21":0,"22":0,"23":0,"24":0,"25":0,"26":0,"27":0,"28":0,"29":0,"30":0,"31":0,"32":0,"33":0,"34":0,"35":0,"36":0,"37":0,"38":0,"39":0,"40":0,"41":0,"42":0,"43":0,"44":0,"45":0,"46":0,"47":0,"48":0,"49":0},"f":{"0":0,"1":0,"2":0,"3":0,"4":0,"5":0,"6":0,"7":0},"b":{"0":[0,0],"1":[0,0],"2":[0,0],"3":[0,0],"4":[0,0],"5":[0,0],"6":[0,0],"7":[0,0],"8":[0,0],"9":[0,0],"10":[0,0],"11":[0,0],"12":[0,0],"13":[0,0]}}
}
