TN:
SF:src/index.ts
FN:698,(anonymous_1)
FN:110,(anonymous_2)
FN:118,(anonymous_3)
FN:150,(anonymous_4)
FN:169,(anonymous_5)
FN:177,(anonymous_6)
FN:178,(anonymous_7)
FN:186,(anonymous_8)
FN:198,(anonymous_9)
FN:201,(anonymous_10)
FN:208,(anonymous_11)
FN:216,(anonymous_12)
FN:246,(anonymous_13)
FN:259,(anonymous_14)
FN:268,(anonymous_15)
FN:284,(anonymous_16)
FN:297,(anonymous_17)
FN:315,(anonymous_18)
FN:337,(anonymous_19)
FN:339,(anonymous_20)
FN:404,(anonymous_21)
FN:418,(anonymous_22)
FN:430,(anonymous_23)
FN:451,(anonymous_24)
FN:459,(anonymous_25)
FN:469,(anonymous_26)
FN:514,(anonymous_27)
FN:605,(anonymous_28)
FN:609,(anonymous_29)
FN:613,(anonymous_30)
FN:621,(anonymous_31)
FN:629,(anonymous_32)
FN:644,(anonymous_33)
FN:654,(anonymous_34)
FN:674,(anonymous_35)
FN:680,(anonymous_36)
FNF:36
FNH:22
FNDA:0,(anonymous_1)
FNDA:0,(anonymous_2)
FNDA:714,(anonymous_3)
FNDA:0,(anonymous_4)
FNDA:721,(anonymous_5)
FNDA:721,(anonymous_6)
FNDA:0,(anonymous_7)
FNDA:4,(anonymous_8)
FNDA:2,(anonymous_9)
FNDA:584,(anonymous_10)
FNDA:584,(anonymous_11)
FNDA:2,(anonymous_12)
FNDA:4,(anonymous_13)
FNDA:4,(anonymous_14)
FNDA:1428,(anonymous_15)
FNDA:1428,(anonymous_16)
FNDA:588,(anonymous_17)
FNDA:588,(anonymous_18)
FNDA:584,(anonymous_19)
FNDA:584,(anonymous_20)
FNDA:0,(anonymous_21)
FNDA:68,(anonymous_22)
FNDA:588,(anonymous_23)
FNDA:732,(anonymous_24)
FNDA:4,(anonymous_25)
FNDA:330,(anonymous_26)
FNDA:4,(anonymous_27)
FNDA:0,(anonymous_28)
FNDA:0,(anonymous_29)
FNDA:0,(anonymous_30)
FNDA:0,(anonymous_31)
FNDA:0,(anonymous_32)
FNDA:0,(anonymous_33)
FNDA:0,(anonymous_34)
FNDA:0,(anonymous_35)
FNDA:0,(anonymous_36)
DA:1,2
DA:2,2
DA:3,2
DA:6,2
DA:7,2
DA:8,2
DA:11,2
DA:12,2
DA:13,2
DA:91,2
DA:108,2
DA:110,2
DA:111,0
DA:112,0
DA:113,0
DA:118,2
DA:120,714
DA:123,714
DA:127,0
DA:131,714
DA:134,714
DA:138,0
DA:141,714
DA:145,2
DA:151,0
DA:152,0
DA:161,2
DA:162,2
DA:163,2
DA:164,2
DA:166,2
DA:169,2
DA:170,721
DA:171,276
DA:173,721
DA:177,2
DA:178,721
DA:179,0
DA:180,0
DA:182,721
DA:186,2
DA:187,4
DA:195,2
DA:197,2
DA:199,2
DA:202,584
DA:203,0
DA:208,2
DA:209,584
DA:210,584
DA:211,584
DA:212,584
DA:213,584
DA:216,2
DA:218,2
DA:219,2
DA:220,2
DA:221,2
DA:223,2
DA:224,0
DA:230,2
DA:231,2
DA:232,2
DA:233,0
DA:238,0
DA:239,0
DA:241,0
DA:246,2
DA:247,4
DA:248,4
DA:249,4
DA:250,4
DA:255,0
DA:259,2
DA:260,4
DA:261,4
DA:262,4
DA:265,4
DA:268,1428
DA:277,4
DA:284,1428
DA:292,4
DA:297,2
DA:298,588
DA:299,588
DA:301,588
DA:308,588
DA:310,0
DA:312,0
DA:315,2
DA:316,588
DA:317,588
DA:326,588
DA:327,2340
DA:328,4
DA:331,584
DA:334,2
DA:335,2
DA:337,2
DA:338,584
DA:340,584
DA:342,584
DA:344,0
DA:345,0
DA:346,0
DA:348,0
DA:349,0
DA:350,0
DA:353,0
DA:354,0
DA:355,0
DA:356,0
DA:360,584
DA:361,0
DA:362,0
DA:363,0
DA:364,0
DA:368,584
DA:369,584
DA:370,584
DA:372,584
DA:373,0
DA:374,0
DA:377,584
DA:378,584
DA:379,584
DA:381,584
DA:382,0
DA:385,584
DA:388,0
DA:389,0
DA:391,0
DA:392,0
DA:397,0
DA:404,0
DA:407,0
DA:408,0
DA:418,2
DA:419,68
DA:420,68
DA:422,0
DA:423,0
DA:428,2
DA:430,588
DA:432,2
DA:433,584
DA:439,584
DA:440,584
DA:441,584
DA:442,584
DA:443,584
DA:449,2
DA:452,732
DA:459,2
DA:460,4
DA:464,2
DA:465,68
DA:466,68
DA:467,64
DA:469,330
DA:470,64
DA:471,2
DA:472,2
DA:473,2
DA:474,2
DA:478,2
DA:480,0
DA:481,0
DA:486,0
DA:491,4
DA:492,4
DA:493,4
DA:494,2
DA:495,2
DA:497,2
DA:498,2
DA:500,0
DA:505,0
DA:506,0
DA:508,0
DA:514,2
DA:515,4
DA:516,4
DA:517,4
DA:519,4
DA:520,130
DA:521,130
DA:522,130
DA:525,130
DA:527,130
DA:528,0
DA:529,0
DA:530,0
DA:533,0
DA:538,130
DA:539,130
DA:542,130
DA:543,0
DA:547,130
DA:548,0
DA:553,0
DA:554,0
DA:559,0
DA:566,2
DA:567,4
DA:573,2
DA:575,2
DA:604,2
DA:607,0
DA:611,0
DA:612,0
DA:613,0
DA:622,0
DA:623,0
DA:625,0
DA:626,0
DA:629,0
DA:637,0
DA:644,0
DA:655,0
DA:657,0
DA:658,0
DA:661,0
DA:662,0
DA:665,0
DA:673,2
DA:674,0
DA:675,0
DA:680,2
DA:681,0
DA:682,0
DA:684,0
DA:685,0
DA:692,2
DA:693,2
DA:694,2
DA:695,2
DA:696,2
DA:697,2
DA:698,2
DA:701,2
LF:241
LH:157
BRDA:112,0,0,0
BRDA:112,0,1,0
BRDA:120,1,0,0
BRDA:120,1,1,714
BRDA:123,2,0,0
BRDA:123,2,1,714
BRDA:124,3,0,714
BRDA:124,3,1,0
BRDA:131,4,0,0
BRDA:131,4,1,714
BRDA:134,5,0,0
BRDA:134,5,1,714
BRDA:135,6,0,714
BRDA:135,6,1,0
BRDA:151,7,0,0
BRDA:151,7,1,0
BRDA:170,8,0,276
BRDA:170,8,1,445
BRDA:187,9,0,2
BRDA:187,9,1,2
BRDA:199,10,0,2
BRDA:199,10,1,0
BRDA:202,11,0,0
BRDA:202,11,1,584
BRDA:223,12,0,0
BRDA:223,12,1,2
BRDA:232,13,0,0
BRDA:232,13,1,2
BRDA:238,14,0,0
BRDA:238,14,1,0
BRDA:262,15,0,4
BRDA:262,15,1,0
BRDA:292,16,0,0
BRDA:292,16,1,4
BRDA:301,17,0,588
BRDA:301,17,1,0
BRDA:302,18,0,588
BRDA:302,18,1,588
BRDA:302,18,2,588
BRDA:302,18,3,588
BRDA:302,18,4,588
BRDA:327,19,0,4
BRDA:327,19,1,2336
BRDA:342,20,0,0
BRDA:342,20,1,584
BRDA:348,21,0,0
BRDA:348,21,1,0
BRDA:348,22,0,0
BRDA:348,22,1,0
BRDA:360,23,0,0
BRDA:360,23,1,584
BRDA:362,24,0,0
BRDA:362,24,1,0
BRDA:372,25,0,0
BRDA:372,25,1,584
BRDA:372,26,0,584
BRDA:372,26,1,0
BRDA:381,27,0,0
BRDA:381,27,1,584
BRDA:381,28,0,584
BRDA:381,28,1,584
BRDA:388,29,0,0
BRDA:388,29,1,0
BRDA:391,30,0,0
BRDA:391,30,1,0
BRDA:430,31,0,588
BRDA:430,31,1,586
BRDA:440,32,0,584
BRDA:440,32,1,0
BRDA:442,33,0,584
BRDA:442,33,1,0
BRDA:449,34,0,2
BRDA:449,34,1,0
BRDA:452,35,0,732
BRDA:452,35,1,726
BRDA:452,35,2,76
BRDA:452,35,3,72
BRDA:452,35,4,70
BRDA:466,36,0,64
BRDA:466,36,1,4
BRDA:480,37,0,0
BRDA:480,37,1,0
BRDA:497,38,0,2
BRDA:497,38,1,0
BRDA:505,39,0,0
BRDA:505,39,1,0
BRDA:515,40,0,4
BRDA:515,40,1,0
BRDA:516,41,0,4
BRDA:516,41,1,0
BRDA:521,42,0,130
BRDA:521,42,1,0
BRDA:521,43,0,130
BRDA:521,43,1,130
BRDA:525,44,0,130
BRDA:525,44,1,0
BRDA:527,45,0,0
BRDA:527,45,1,130
BRDA:527,46,0,130
BRDA:527,46,1,0
BRDA:529,47,0,0
BRDA:529,47,1,0
BRDA:542,48,0,0
BRDA:542,48,1,130
BRDA:547,49,0,0
BRDA:547,49,1,130
BRDA:553,50,0,0
BRDA:553,50,1,0
BRDA:611,51,0,0
BRDA:611,51,1,0
BRDA:622,52,0,0
BRDA:622,52,1,0
BRDA:625,53,0,0
BRDA:625,53,1,0
BRDA:657,54,0,0
BRDA:657,54,1,0
BRDA:661,55,0,0
BRDA:661,55,1,0
BRDA:673,56,0,0
BRDA:673,56,1,2
BRDA:681,57,0,0
BRDA:681,57,1,0
BRDA:684,58,0,0
BRDA:684,58,1,0
BRF:124
BRH:55
end_of_record
TN:
SF:src/utils/cache.ts
FN:36,serializeRule
FN:58,(anonymous_2)
FN:84,(anonymous_3)
FN:97,(anonymous_4)
FN:116,(anonymous_5)
FN:145,(anonymous_6)
FN:162,(anonymous_7)
FN:178,(anonymous_8)
FN:188,(anonymous_9)
FN:195,(anonymous_10)
FN:202,(anonymous_11)
FN:224,(anonymous_12)
FN:245,(anonymous_13)
FNF:13
FNH:2
FNDA:0,serializeRule
FNDA:0,(anonymous_2)
FNDA:2,(anonymous_3)
FNDA:2,(anonymous_4)
FNDA:0,(anonymous_5)
FNDA:0,(anonymous_6)
FNDA:0,(anonymous_7)
FNDA:0,(anonymous_8)
FNDA:0,(anonymous_9)
FNDA:0,(anonymous_10)
FNDA:0,(anonymous_11)
FNDA:0,(anonymous_12)
FNDA:0,(anonymous_13)
DA:1,2
DA:2,2
DA:3,2
DA:4,2
DA:8,2
DA:37,0
DA:59,0
DA:71,2
DA:76,2
DA:85,2
DA:86,2
DA:87,2
DA:89,2
DA:90,2
DA:91,2
DA:98,2
DA:99,2
DA:100,0
DA:101,0
DA:104,2
DA:105,0
DA:106,0
DA:112,0
DA:113,0
DA:114,0
DA:116,0
DA:118,0
DA:119,0
DA:120,0
DA:123,0
DA:124,0
DA:127,0
DA:132,0
DA:136,0
DA:146,0
DA:149,0
DA:150,0
DA:154,0
DA:163,0
DA:166,0
DA:169,0
DA:170,0
DA:179,0
DA:180,0
DA:189,0
DA:196,0
DA:197,0
DA:200,0
DA:201,0
DA:202,0
DA:203,0
DA:206,0
DA:207,0
DA:210,0
DA:211,0
DA:212,0
DA:214,0
DA:225,0
DA:226,0
DA:227,0
DA:229,0
DA:230,0
DA:231,0
DA:232,0
DA:235,0
DA:250,0
LF:66
LH:16
BRDA:38,0,0,0
BRDA:38,0,1,0
BRDA:45,1,0,0
BRDA:45,1,1,0
BRDA:47,2,0,0
BRDA:47,2,1,0
BRDA:49,3,0,0
BRDA:49,3,1,0
BRDA:59,4,0,0
BRDA:59,4,1,0
BRDA:87,5,0,2
BRDA:87,5,1,2
BRDA:99,6,0,0
BRDA:99,6,1,2
BRDA:104,7,0,0
BRDA:104,7,1,2
BRDA:118,8,0,0
BRDA:118,8,1,0
BRDA:133,9,0,0
BRDA:133,9,1,0
BRDA:149,10,0,0
BRDA:149,10,1,0
BRDA:150,11,0,0
BRDA:150,11,1,0
BRDA:180,12,0,0
BRDA:180,12,1,0
BRDA:196,13,0,0
BRDA:196,13,1,0
BRDA:206,14,0,0
BRDA:206,14,1,0
BRDA:216,15,0,0
BRDA:216,15,1,0
BRDA:230,16,0,0
BRDA:230,16,1,0
BRDA:237,17,0,0
BRDA:237,17,1,0
BRF:36
BRH:4
end_of_record
TN:
SF:src/utils/logger.ts
FN:41,(anonymous_0)
FN:52,(anonymous_1)
FN:61,(anonymous_2)
FN:69,(anonymous_3)
FN:79,createScopedLogger
FN:81,(anonymous_5)
FN:82,(anonymous_6)
FN:83,(anonymous_7)
FN:84,(anonymous_8)
FN:91,enableDebugMode
FN:98,disableDebugMode
FNF:11
FNH:0
FNDA:0,(anonymous_0)
FNDA:0,(anonymous_1)
FNDA:0,(anonymous_2)
FNDA:0,(anonymous_3)
FNDA:0,createScopedLogger
FNDA:0,(anonymous_5)
FNDA:0,(anonymous_6)
FNDA:0,(anonymous_7)
FNDA:0,(anonymous_8)
FNDA:0,enableDebugMode
FNDA:0,disableDebugMode
DA:6,2
DA:36,2
DA:42,0
DA:43,0
DA:53,0
DA:62,0
DA:70,0
DA:79,2
DA:80,0
DA:81,0
DA:82,0
DA:83,0
DA:84,0
DA:91,2
DA:92,0
DA:98,2
DA:99,0
LF:17
LH:5
BRDA:42,0,0,0
BRDA:42,0,1,0
BRDA:53,1,0,0
BRDA:53,1,1,0
BRDA:62,2,0,0
BRDA:62,2,1,0
BRF:6
BRH:0
end_of_record
TN:
SF:src/utils/stats.ts
FN:101,(anonymous_0)
FN:121,(anonymous_1)
FN:130,(anonymous_2)
FN:142,(anonymous_3)
FN:171,(anonymous_4)
FN:186,(anonymous_5)
FN:201,(anonymous_6)
FN:213,(anonymous_7)
FN:228,(anonymous_8)
FN:241,(anonymous_9)
FN:260,(anonymous_10)
FN:262,(anonymous_11)
FN:268,(anonymous_12)
FN:272,(anonymous_13)
FN:273,(anonymous_14)
FN:277,(anonymous_15)
FN:278,(anonymous_16)
FN:282,(anonymous_17)
FN:283,(anonymous_18)
FN:302,measurePerformance
FNF:20
FNH:1
FNDA:2,(anonymous_0)
FNDA:0,(anonymous_1)
FNDA:0,(anonymous_2)
FNDA:0,(anonymous_3)
FNDA:0,(anonymous_4)
FNDA:0,(anonymous_5)
FNDA:0,(anonymous_6)
FNDA:0,(anonymous_7)
FNDA:0,(anonymous_8)
FNDA:0,(anonymous_9)
FNDA:0,(anonymous_10)
FNDA:0,(anonymous_11)
FNDA:0,(anonymous_12)
FNDA:0,(anonymous_13)
FNDA:0,(anonymous_14)
FNDA:0,(anonymous_15)
FNDA:0,(anonymous_16)
FNDA:0,(anonymous_17)
FNDA:0,(anonymous_18)
FNDA:0,measurePerformance
DA:1,2
DA:2,2
DA:83,2
DA:95,2
DA:102,2
DA:109,2
DA:120,2
DA:121,0
DA:122,0
DA:131,0
DA:132,0
DA:133,0
DA:143,0
DA:145,0
DA:155,0
DA:156,0
DA:158,0
DA:159,0
DA:160,0
DA:161,0
DA:164,0
DA:172,0
DA:174,0
DA:176,0
DA:177,0
DA:178,0
DA:187,0
DA:189,0
DA:191,0
DA:192,0
DA:193,0
DA:202,0
DA:204,0
DA:205,0
DA:206,0
DA:214,0
DA:215,0
DA:229,0
DA:230,0
DA:231,0
DA:232,0
DA:233,0
DA:234,0
DA:235,0
DA:242,0
DA:243,0
DA:261,0
DA:262,0
DA:267,0
DA:268,0
DA:271,0
DA:272,0
DA:273,0
DA:276,0
DA:277,0
DA:278,0
DA:281,0
DA:282,0
DA:283,0
DA:286,0
DA:302,2
DA:303,0
DA:304,0
DA:307,0
DA:308,0
DA:309,0
DA:310,0
DA:312,0
DA:313,0
LF:69
LH:8
BRDA:101,0,0,2
BRDA:103,1,0,2
BRDA:103,1,1,2
BRDA:104,2,0,2
BRDA:104,2,1,2
BRDA:105,3,0,2
BRDA:105,3,1,2
BRDA:106,4,0,2
BRDA:106,4,1,2
BRDA:120,5,0,0
BRDA:120,5,1,2
BRDA:131,6,0,0
BRDA:131,6,1,0
BRDA:145,7,0,0
BRDA:145,7,1,0
BRDA:158,8,0,0
BRDA:158,8,1,0
BRDA:158,9,0,0
BRDA:158,9,1,0
BRDA:172,10,0,0
BRDA:172,10,1,0
BRDA:177,11,0,0
BRDA:177,11,1,0
BRDA:187,12,0,0
BRDA:187,12,1,0
BRDA:192,13,0,0
BRDA:192,13,1,0
BRDA:202,14,0,0
BRDA:202,14,1,0
BRDA:205,15,0,0
BRDA:205,15,1,0
BRDA:250,16,0,0
BRDA:250,16,1,0
BRDA:303,17,0,0
BRDA:303,17,1,0
BRF:35
BRH:10
end_of_record
TN:
SF:src/utils/testing.ts
FN:21,validateRuleConfig
FN:55,(anonymous_2)
FN:73,severityToNumber
FN:84,normalizeRuleConfig
FN:117,createMockRule
FN:121,(anonymous_6)
FN:140,createMockPlugin
FN:162,getESLintVersionInfo
FNF:8
FNH:0
FNDA:0,validateRuleConfig
FNDA:0,(anonymous_2)
FNDA:0,severityToNumber
FNDA:0,normalizeRuleConfig
FNDA:0,createMockRule
FNDA:0,(anonymous_6)
FNDA:0,createMockPlugin
FNDA:0,getESLintVersionInfo
DA:2,2
DA:3,2
DA:21,2
DA:25,0
DA:27,0
DA:30,0
DA:31,0
DA:38,0
DA:39,0
DA:44,0
DA:47,0
DA:48,0
DA:50,0
DA:56,0
DA:60,0
DA:61,0
DA:74,0
DA:75,0
DA:76,0
DA:84,2
DA:88,0
DA:89,0
DA:93,0
DA:94,0
DA:98,0
DA:99,0
DA:101,0
DA:102,0
DA:105,0
DA:109,0
DA:117,2
DA:121,0
DA:123,0
DA:140,2
DA:143,0
DA:145,0
DA:146,0
DA:156,0
DA:162,2
DA:168,0
DA:170,0
DA:171,0
DA:172,0
DA:173,0
DA:175,0
DA:182,0
DA:183,0
LF:47
LH:7
BRDA:25,0,0,0
BRDA:25,0,1,0
BRDA:38,1,0,0
BRDA:38,1,1,0
BRDA:52,2,0,0
BRDA:52,2,1,0
BRDA:54,3,0,0
BRDA:54,3,1,0
BRDA:56,4,0,0
BRDA:56,4,1,0
BRDA:56,5,0,0
BRDA:56,5,1,0
BRDA:60,6,0,0
BRDA:60,6,1,0
BRDA:74,7,0,0
BRDA:74,7,1,0
BRDA:75,8,0,0
BRDA:75,8,1,0
BRDA:88,9,0,0
BRDA:88,9,1,0
BRDA:93,10,0,0
BRDA:93,10,1,0
BRDA:98,11,0,0
BRDA:98,11,1,0
BRDA:101,12,0,0
BRDA:101,12,1,0
BRDA:131,13,0,0
BRDA:131,13,1,0
BRF:28
BRH:0
end_of_record
